\----------------------------------------------------\
ОТКРЫТ ФАЙЛ

Time is 19:21:31
I'm stackDump called from main (15) main.cpp
Stack[0x7fa1d7405a68] "myStack" from stack.cpp(13) in function - main.

--------------------------------------------------------------------------
STRUCT CANARY_START = 3739151853

Struct:
	size = 0
	capacity = 15
	адрес data[] = 0x7fa1d7405a68

DATA CANARY LEFT  = 140735349949024
DATA CANARY RIGHT = 140735349949024
HASH = -2138406304

STRUCT CANARY_END = 3739151853
--------------------------------------------------------------------------

Time is 19:21:31
I'm stackDump called from main (24) main.cpp
Stack[0x7fa1d7405a68] "myStack" from stack.cpp(13) in function - main.

--------------------------------------------------------------------------
STRUCT CANARY_START = 3739151853

Struct:
	size = 10
	capacity = 15
	адрес data[] = 0x7fa1d7405a68

DATA CANARY LEFT  = 140735349949024
	data[0] = 10.000000
	data[1] = 20.000000
	data[2] = 30.000000
	data[3] = 40.000000
	data[4] = 50.000000
	data[5] = 60.000000
	data[6] = 70.000000
	data[7] = 80.000000
	data[8] = 90.000000
	data[9] = 100.000000
DATA CANARY RIGHT = 140735349949024
HASH = -2138406304

STRUCT CANARY_END = 3739151853
--------------------------------------------------------------------------
POPING
100.000000
90.000000
80.000000
70.000000
60.000000
50.000000
40.000000
30.000000
20.000000
10.000000

Time is 19:21:31
I'm stackDump called from main (34) main.cpp
Stack[0x7fa1d7405a68] "myStack" from stack.cpp(13) in function - main.

--------------------------------------------------------------------------
STRUCT CANARY_START = 0

Struct:
	size = 0
	capacity = 3
	адрес data[] = 0x7fa1d7405a68

DATA CANARY LEFT  = 140735349949024
DATA CANARY RIGHT = 140735349949024
HASH = -2138406304

STRUCT CANARY_END = 3739151853
--------------------------------------------------------------------------
ЗАКРЫТ ФАЙЛ
\----------------------------------------------------\
