\----------------------------------------------------\
ОТКРЫТ ФАЙЛ
я в сторе
CalculateHash = 936
myStack->hash = 936

Time is 01:00:22
Stack[0x7f95ce405a60] "myStack" from stack_funcs_hash.cpp(74) in function - StackDump.
myStack->size = 0
now_size = 0
size = 0
capacity = 100
data[0x7f95ce405a60]
я - StackRellocUp1
я - StackRellocUp
capacity!!!перед изменением = 100
capacity!!!после изменений = 50
я в пуше
я - StackRellocUp1
я - StackRellocUp
capacity!!!перед изменением = 50
capacity!!!после изменений = 25
я в пуше
я - StackRellocUp1
я - StackRellocUp
capacity!!!перед изменением = 25
capacity!!!после изменений = 12
я в пуше
я - StackRellocUp1
я - StackRellocUp
capacity!!!перед изменением = 12
capacity!!!после изменений = 6
я в пуше
я в пуше
я в пуше
я - StackRellocUp1
я - StackRellocUp
capacity!!!перед изменением = 6
capacity!!!после изменений = 12
я в пуше
я в пуше
я в пуше
я в пуше
я в пуше
я в пуше
я - StackRellocUp1
я - StackRellocUp
capacity!!!перед изменением = 12
capacity!!!после изменений = 24
я в пуше
я в пуше
я в пуше
я в пуше
я в пуше
я в пуше
я в пуше
я в пуше
я в пуше

Time is 01:00:22
Stack[0x7f95ce405a60] "myStack" from stack_funcs_hash.cpp(74) in function - StackDump.
myStack->size = 21
now_size = 21
data[0] = 0
data[1] = 10
data[2] = 20
data[3] = 30
data[4] = 40
data[5] = 50
data[6] = 60
data[7] = 70
data[8] = 80
data[9] = 90
data[10] = 100
data[11] = 110
data[12] = 120
data[13] = 130
data[14] = 140
data[15] = 150
data[16] = 160
data[17] = 170
data[18] = 180
data[19] = 190
data[20] = 200
size = 21
capacity = 24
data[0x7f95ce405a60]
200
190
180
170
160
150
140
130
120
110
100
90
80
70
60
50
40
30
20
10
0
ЗАКРЫТ ФАЙЛ
\----------------------------------------------------\
\----------------------------------------------------\
ОТКРЫТ ФАЙЛ
я в сторе
CalculateHash = 936
myStack->hash = 936

Time is 01:14:56
Stack[0x7fb412405a60] "myStack" from stack_funcs_hash.cpp(74) in function - StackDump.
myStack->size = 0
now_size = 0
size = 0
capacity = 100
data[0x7fb412405a60]
я - StackRellocUp1
я - StackRellocUp
capacity!!!перед изменением = 100
capacity!!!после изменений = 50
я в пуше
я - StackRellocUp1
я - StackRellocUp
capacity!!!перед изменением = 50
capacity!!!после изменений = 25
я в пуше
я - StackRellocUp1
я - StackRellocUp
capacity!!!перед изменением = 25
capacity!!!после изменений = 12
я в пуше
я - StackRellocUp1
я - StackRellocUp
capacity!!!перед изменением = 12
capacity!!!после изменений = 6
я в пуше
я в пуше
я в пуше
я - StackRellocUp1
я - StackRellocUp
capacity!!!перед изменением = 6
capacity!!!после изменений = 12
я в пуше
я в пуше
я в пуше
я в пуше
я в пуше
я в пуше
я - StackRellocUp1
я - StackRellocUp
capacity!!!перед изменением = 12
capacity!!!после изменений = 24
я в пуше
я в пуше
я в пуше
я в пуше
я в пуше
я в пуше
я в пуше
я в пуше
я в пуше

Time is 01:14:56
Stack[0x7fb412405a60] "myStack" from stack_funcs_hash.cpp(74) in function - StackDump.
myStack->size = 21
now_size = 21
data[0] = 0
data[1] = 10
data[2] = 20
data[3] = 30
data[4] = 40
data[5] = 50
data[6] = 60
data[7] = 70
data[8] = 80
data[9] = 90
data[10] = 100
data[11] = 110
data[12] = 120
data[13] = 130
data[14] = 140
data[15] = 150
data[16] = 160
data[17] = 170
data[18] = 180
data[19] = 190
data[20] = 200
size = 21
capacity = 24
data[0x7fb412405a60]
200
190
180
170
160
150
140
130
120
110
100
90
80
70
60
50
40
30
20
10
0
ЗАКРЫТ ФАЙЛ
\----------------------------------------------------\
\----------------------------------------------------\
ОТКРЫТ ФАЙЛ
я в сторе

Time is 01:17:26
Stack[0x7fb369504f00] "myStack" from stack_funcs_hash.cpp(74) in function - StackDump.
myStack->size = 0
now_size = 0
size = 0
capacity = 100
data[0x7fb369504f00]
CalculateHash = 936
myStack->hash = 936

Time is 01:17:26
Stack[0x7fb369504f00] "myStack" from stack_funcs_hash.cpp(74) in function - StackDump.
myStack->size = 0
now_size = 0
size = 0
capacity = 100
data[0x7fb369504f00]

Time is 01:17:26
Stack[0x7fb369504f00] "myStack" from stack_funcs_hash.cpp(74) in function - StackDump.
myStack->size = 0
now_size = 0
size = 0
capacity = 100
data[0x7fb369504f00]
я - StackRellocUp1

Time is 01:17:26
Stack[0x7fb369504f00] "myStack" from stack_funcs_hash.cpp(74) in function - StackDump.
myStack->size = 0
now_size = 0
size = 0
capacity = 100
data[0x7fb369504f00]
я - StackRellocUp
capacity!!!перед изменением = 100
capacity!!!после изменений = 50
я в пуше

Time is 01:17:26
Stack[0x7fb369504f00] "myStack" from stack_funcs_hash.cpp(74) in function - StackDump.
myStack->size = 1
now_size = 1
data[0] = 0
size = 1
capacity = 50
data[0x7fb369504f00]

Time is 01:17:26
Stack[0x7fb369504f00] "myStack" from stack_funcs_hash.cpp(74) in function - StackDump.
myStack->size = 1
now_size = 1
data[0] = 0
size = 1
capacity = 50
data[0x7fb369504f00]
я - StackRellocUp1

Time is 01:17:26
Stack[0x7fb369504f00] "myStack" from stack_funcs_hash.cpp(74) in function - StackDump.
myStack->size = 1
now_size = 1
data[0] = 0
size = 1
capacity = 50
data[0x7fb369504f00]
я - StackRellocUp
capacity!!!перед изменением = 50
capacity!!!после изменений = 25
я в пуше

Time is 01:17:26
Stack[0x7fb369504f00] "myStack" from stack_funcs_hash.cpp(74) in function - StackDump.
myStack->size = 2
now_size = 2
data[0] = 0
data[1] = 10
size = 2
capacity = 25
data[0x7fb369504f00]

Time is 01:17:26
Stack[0x7fb369504f00] "myStack" from stack_funcs_hash.cpp(74) in function - StackDump.
myStack->size = 2
now_size = 2
data[0] = 0
data[1] = 10
size = 2
capacity = 25
data[0x7fb369504f00]
я - StackRellocUp1

Time is 01:17:26
Stack[0x7fb369504f00] "myStack" from stack_funcs_hash.cpp(74) in function - StackDump.
myStack->size = 2
now_size = 2
data[0] = 0
data[1] = 10
size = 2
capacity = 25
data[0x7fb369504f00]
я - StackRellocUp
capacity!!!перед изменением = 25
capacity!!!после изменений = 12
я в пуше

Time is 01:17:26
Stack[0x7fb369504f00] "myStack" from stack_funcs_hash.cpp(74) in function - StackDump.
myStack->size = 3
now_size = 3
data[0] = 0
data[1] = 10
data[2] = 20
size = 3
capacity = 12
data[0x7fb369504f00]

Time is 01:17:26
Stack[0x7fb369504f00] "myStack" from stack_funcs_hash.cpp(74) in function - StackDump.
myStack->size = 3
now_size = 3
data[0] = 0
data[1] = 10
data[2] = 20
size = 3
capacity = 12
data[0x7fb369504f00]
я - StackRellocUp1

Time is 01:17:26
Stack[0x7fb369504f00] "myStack" from stack_funcs_hash.cpp(74) in function - StackDump.
myStack->size = 3
now_size = 3
data[0] = 0
data[1] = 10
data[2] = 20
size = 3
capacity = 12
data[0x7fb369504f00]
я - StackRellocUp
capacity!!!перед изменением = 12
capacity!!!после изменений = 6
я в пуше

Time is 01:17:26
Stack[0x7fb369504f00] "myStack" from stack_funcs_hash.cpp(74) in function - StackDump.
myStack->size = 4
now_size = 4
data[0] = 0
data[1] = 10
data[2] = 20
data[3] = 30
size = 4
capacity = 6
data[0x7fb369504f00]

Time is 01:17:26
Stack[0x7fb369504f00] "myStack" from stack_funcs_hash.cpp(74) in function - StackDump.
myStack->size = 4
now_size = 4
data[0] = 0
data[1] = 10
data[2] = 20
data[3] = 30
size = 4
capacity = 6
data[0x7fb369504f00]
я в пуше

Time is 01:17:26
Stack[0x7fb369504f00] "myStack" from stack_funcs_hash.cpp(74) in function - StackDump.
myStack->size = 5
now_size = 5
data[0] = 0
data[1] = 10
data[2] = 20
data[3] = 30
data[4] = 40
size = 5
capacity = 6
data[0x7fb369504f00]

Time is 01:17:26
Stack[0x7fb369504f00] "myStack" from stack_funcs_hash.cpp(74) in function - StackDump.
myStack->size = 5
now_size = 5
data[0] = 0
data[1] = 10
data[2] = 20
data[3] = 30
data[4] = 40
size = 5
capacity = 6
data[0x7fb369504f00]
я в пуше

Time is 01:17:26
Stack[0x7fb369504f00] "myStack" from stack_funcs_hash.cpp(74) in function - StackDump.
myStack->size = 6
now_size = 6
data[0] = 0
data[1] = 10
data[2] = 20
data[3] = 30
data[4] = 40
data[5] = 50
size = 6
capacity = 6
data[0x7fb369504f00]

Time is 01:17:26
Stack[0x7fb369504f00] "myStack" from stack_funcs_hash.cpp(74) in function - StackDump.
myStack->size = 6
now_size = 6
data[0] = 0
data[1] = 10
data[2] = 20
data[3] = 30
data[4] = 40
data[5] = 50
size = 6
capacity = 6
data[0x7fb369504f00]
я - StackRellocUp1

Time is 01:17:26
Stack[0x7fb369504f00] "myStack" from stack_funcs_hash.cpp(74) in function - StackDump.
myStack->size = 6
now_size = 6
data[0] = 0
data[1] = 10
data[2] = 20
data[3] = 30
data[4] = 40
data[5] = 50
size = 6
capacity = 6
data[0x7fb369504f00]
я - StackRellocUp
capacity!!!перед изменением = 6
capacity!!!после изменений = 12
я в пуше

Time is 01:17:26
Stack[0x7fb369504f00] "myStack" from stack_funcs_hash.cpp(74) in function - StackDump.
myStack->size = 7
now_size = 7
data[0] = 0
data[1] = 10
data[2] = 20
data[3] = 30
data[4] = 40
data[5] = 50
data[6] = 60
size = 7
capacity = 12
data[0x7fb369504f00]

Time is 01:17:26
Stack[0x7fb369504f00] "myStack" from stack_funcs_hash.cpp(74) in function - StackDump.
myStack->size = 7
now_size = 7
data[0] = 0
data[1] = 10
data[2] = 20
data[3] = 30
data[4] = 40
data[5] = 50
data[6] = 60
size = 7
capacity = 12
data[0x7fb369504f00]
я в пуше

Time is 01:17:26
Stack[0x7fb369504f00] "myStack" from stack_funcs_hash.cpp(74) in function - StackDump.
myStack->size = 8
now_size = 8
data[0] = 0
data[1] = 10
data[2] = 20
data[3] = 30
data[4] = 40
data[5] = 50
data[6] = 60
data[7] = 70
size = 8
capacity = 12
data[0x7fb369504f00]

Time is 01:17:26
Stack[0x7fb369504f00] "myStack" from stack_funcs_hash.cpp(74) in function - StackDump.
myStack->size = 8
now_size = 8
data[0] = 0
data[1] = 10
data[2] = 20
data[3] = 30
data[4] = 40
data[5] = 50
data[6] = 60
data[7] = 70
size = 8
capacity = 12
data[0x7fb369504f00]
я в пуше

Time is 01:17:26
Stack[0x7fb369504f00] "myStack" from stack_funcs_hash.cpp(74) in function - StackDump.
myStack->size = 9
now_size = 9
data[0] = 0
data[1] = 10
data[2] = 20
data[3] = 30
data[4] = 40
data[5] = 50
data[6] = 60
data[7] = 70
data[8] = 80
size = 9
capacity = 12
data[0x7fb369504f00]

Time is 01:17:26
Stack[0x7fb369504f00] "myStack" from stack_funcs_hash.cpp(74) in function - StackDump.
myStack->size = 9
now_size = 9
data[0] = 0
data[1] = 10
data[2] = 20
data[3] = 30
data[4] = 40
data[5] = 50
data[6] = 60
data[7] = 70
data[8] = 80
size = 9
capacity = 12
data[0x7fb369504f00]
я в пуше

Time is 01:17:26
Stack[0x7fb369504f00] "myStack" from stack_funcs_hash.cpp(74) in function - StackDump.
myStack->size = 10
now_size = 10
data[0] = 0
data[1] = 10
data[2] = 20
data[3] = 30
data[4] = 40
data[5] = 50
data[6] = 60
data[7] = 70
data[8] = 80
data[9] = 90
size = 10
capacity = 12
data[0x7fb369504f00]

Time is 01:17:26
Stack[0x7fb369504f00] "myStack" from stack_funcs_hash.cpp(74) in function - StackDump.
myStack->size = 10
now_size = 10
data[0] = 0
data[1] = 10
data[2] = 20
data[3] = 30
data[4] = 40
data[5] = 50
data[6] = 60
data[7] = 70
data[8] = 80
data[9] = 90
size = 10
capacity = 12
data[0x7fb369504f00]
я в пуше

Time is 01:17:26
Stack[0x7fb369504f00] "myStack" from stack_funcs_hash.cpp(74) in function - StackDump.
myStack->size = 11
now_size = 11
data[0] = 0
data[1] = 10
data[2] = 20
data[3] = 30
data[4] = 40
data[5] = 50
data[6] = 60
data[7] = 70
data[8] = 80
data[9] = 90
data[10] = 100
size = 11
capacity = 12
data[0x7fb369504f00]

Time is 01:17:26
Stack[0x7fb369504f00] "myStack" from stack_funcs_hash.cpp(74) in function - StackDump.
myStack->size = 11
now_size = 11
data[0] = 0
data[1] = 10
data[2] = 20
data[3] = 30
data[4] = 40
data[5] = 50
data[6] = 60
data[7] = 70
data[8] = 80
data[9] = 90
data[10] = 100
size = 11
capacity = 12
data[0x7fb369504f00]
я в пуше

Time is 01:17:26
Stack[0x7fb369504f00] "myStack" from stack_funcs_hash.cpp(74) in function - StackDump.
myStack->size = 12
now_size = 12
data[0] = 0
data[1] = 10
data[2] = 20
data[3] = 30
data[4] = 40
data[5] = 50
data[6] = 60
data[7] = 70
data[8] = 80
data[9] = 90
data[10] = 100
data[11] = 110
size = 12
capacity = 12
data[0x7fb369504f00]

Time is 01:17:26
Stack[0x7fb369504f00] "myStack" from stack_funcs_hash.cpp(74) in function - StackDump.
myStack->size = 12
now_size = 12
data[0] = 0
data[1] = 10
data[2] = 20
data[3] = 30
data[4] = 40
data[5] = 50
data[6] = 60
data[7] = 70
data[8] = 80
data[9] = 90
data[10] = 100
data[11] = 110
size = 12
capacity = 12
data[0x7fb369504f00]
я - StackRellocUp1

Time is 01:17:26
Stack[0x7fb369504f00] "myStack" from stack_funcs_hash.cpp(74) in function - StackDump.
myStack->size = 12
now_size = 12
data[0] = 0
data[1] = 10
data[2] = 20
data[3] = 30
data[4] = 40
data[5] = 50
data[6] = 60
data[7] = 70
data[8] = 80
data[9] = 90
data[10] = 100
data[11] = 110
size = 12
capacity = 12
data[0x7fb369504f00]
я - StackRellocUp
capacity!!!перед изменением = 12
capacity!!!после изменений = 24
я в пуше

Time is 01:17:26
Stack[0x7fb369504f00] "myStack" from stack_funcs_hash.cpp(74) in function - StackDump.
myStack->size = 13
now_size = 13
data[0] = 0
data[1] = 10
data[2] = 20
data[3] = 30
data[4] = 40
data[5] = 50
data[6] = 60
data[7] = 70
data[8] = 80
data[9] = 90
data[10] = 100
data[11] = 110
data[12] = 120
size = 13
capacity = 24
data[0x7fb369504f00]

Time is 01:17:26
Stack[0x7fb369504f00] "myStack" from stack_funcs_hash.cpp(74) in function - StackDump.
myStack->size = 13
now_size = 13
data[0] = 0
data[1] = 10
data[2] = 20
data[3] = 30
data[4] = 40
data[5] = 50
data[6] = 60
data[7] = 70
data[8] = 80
data[9] = 90
data[10] = 100
data[11] = 110
data[12] = 120
size = 13
capacity = 24
data[0x7fb369504f00]
я в пуше

Time is 01:17:26
Stack[0x7fb369504f00] "myStack" from stack_funcs_hash.cpp(74) in function - StackDump.
myStack->size = 14
now_size = 14
data[0] = 0
data[1] = 10
data[2] = 20
data[3] = 30
data[4] = 40
data[5] = 50
data[6] = 60
data[7] = 70
data[8] = 80
data[9] = 90
data[10] = 100
data[11] = 110
data[12] = 120
data[13] = 130
size = 14
capacity = 24
data[0x7fb369504f00]

Time is 01:17:26
Stack[0x7fb369504f00] "myStack" from stack_funcs_hash.cpp(74) in function - StackDump.
myStack->size = 14
now_size = 14
data[0] = 0
data[1] = 10
data[2] = 20
data[3] = 30
data[4] = 40
data[5] = 50
data[6] = 60
data[7] = 70
data[8] = 80
data[9] = 90
data[10] = 100
data[11] = 110
data[12] = 120
data[13] = 130
size = 14
capacity = 24
data[0x7fb369504f00]
я в пуше

Time is 01:17:26
Stack[0x7fb369504f00] "myStack" from stack_funcs_hash.cpp(74) in function - StackDump.
myStack->size = 15
now_size = 15
data[0] = 0
data[1] = 10
data[2] = 20
data[3] = 30
data[4] = 40
data[5] = 50
data[6] = 60
data[7] = 70
data[8] = 80
data[9] = 90
data[10] = 100
data[11] = 110
data[12] = 120
data[13] = 130
data[14] = 140
size = 15
capacity = 24
data[0x7fb369504f00]

Time is 01:17:26
Stack[0x7fb369504f00] "myStack" from stack_funcs_hash.cpp(74) in function - StackDump.
myStack->size = 15
now_size = 15
data[0] = 0
data[1] = 10
data[2] = 20
data[3] = 30
data[4] = 40
data[5] = 50
data[6] = 60
data[7] = 70
data[8] = 80
data[9] = 90
data[10] = 100
data[11] = 110
data[12] = 120
data[13] = 130
data[14] = 140
size = 15
capacity = 24
data[0x7fb369504f00]
я в пуше

Time is 01:17:26
Stack[0x7fb369504f00] "myStack" from stack_funcs_hash.cpp(74) in function - StackDump.
myStack->size = 16
now_size = 16
data[0] = 0
data[1] = 10
data[2] = 20
data[3] = 30
data[4] = 40
data[5] = 50
data[6] = 60
data[7] = 70
data[8] = 80
data[9] = 90
data[10] = 100
data[11] = 110
data[12] = 120
data[13] = 130
data[14] = 140
data[15] = 150
size = 16
capacity = 24
data[0x7fb369504f00]

Time is 01:17:26
Stack[0x7fb369504f00] "myStack" from stack_funcs_hash.cpp(74) in function - StackDump.
myStack->size = 16
now_size = 16
data[0] = 0
data[1] = 10
data[2] = 20
data[3] = 30
data[4] = 40
data[5] = 50
data[6] = 60
data[7] = 70
data[8] = 80
data[9] = 90
data[10] = 100
data[11] = 110
data[12] = 120
data[13] = 130
data[14] = 140
data[15] = 150
size = 16
capacity = 24
data[0x7fb369504f00]
я в пуше

Time is 01:17:26
Stack[0x7fb369504f00] "myStack" from stack_funcs_hash.cpp(74) in function - StackDump.
myStack->size = 17
now_size = 17
data[0] = 0
data[1] = 10
data[2] = 20
data[3] = 30
data[4] = 40
data[5] = 50
data[6] = 60
data[7] = 70
data[8] = 80
data[9] = 90
data[10] = 100
data[11] = 110
data[12] = 120
data[13] = 130
data[14] = 140
data[15] = 150
data[16] = 160
size = 17
capacity = 24
data[0x7fb369504f00]

Time is 01:17:26
Stack[0x7fb369504f00] "myStack" from stack_funcs_hash.cpp(74) in function - StackDump.
myStack->size = 17
now_size = 17
data[0] = 0
data[1] = 10
data[2] = 20
data[3] = 30
data[4] = 40
data[5] = 50
data[6] = 60
data[7] = 70
data[8] = 80
data[9] = 90
data[10] = 100
data[11] = 110
data[12] = 120
data[13] = 130
data[14] = 140
data[15] = 150
data[16] = 160
size = 17
capacity = 24
data[0x7fb369504f00]
я в пуше

Time is 01:17:26
Stack[0x7fb369504f00] "myStack" from stack_funcs_hash.cpp(74) in function - StackDump.
myStack->size = 18
now_size = 18
data[0] = 0
data[1] = 10
data[2] = 20
data[3] = 30
data[4] = 40
data[5] = 50
data[6] = 60
data[7] = 70
data[8] = 80
data[9] = 90
data[10] = 100
data[11] = 110
data[12] = 120
data[13] = 130
data[14] = 140
data[15] = 150
data[16] = 160
data[17] = 170
size = 18
capacity = 24
data[0x7fb369504f00]

Time is 01:17:26
Stack[0x7fb369504f00] "myStack" from stack_funcs_hash.cpp(74) in function - StackDump.
myStack->size = 18
now_size = 18
data[0] = 0
data[1] = 10
data[2] = 20
data[3] = 30
data[4] = 40
data[5] = 50
data[6] = 60
data[7] = 70
data[8] = 80
data[9] = 90
data[10] = 100
data[11] = 110
data[12] = 120
data[13] = 130
data[14] = 140
data[15] = 150
data[16] = 160
data[17] = 170
size = 18
capacity = 24
data[0x7fb369504f00]
я в пуше

Time is 01:17:26
Stack[0x7fb369504f00] "myStack" from stack_funcs_hash.cpp(74) in function - StackDump.
myStack->size = 19
now_size = 19
data[0] = 0
data[1] = 10
data[2] = 20
data[3] = 30
data[4] = 40
data[5] = 50
data[6] = 60
data[7] = 70
data[8] = 80
data[9] = 90
data[10] = 100
data[11] = 110
data[12] = 120
data[13] = 130
data[14] = 140
data[15] = 150
data[16] = 160
data[17] = 170
data[18] = 180
size = 19
capacity = 24
data[0x7fb369504f00]

Time is 01:17:26
Stack[0x7fb369504f00] "myStack" from stack_funcs_hash.cpp(74) in function - StackDump.
myStack->size = 19
now_size = 19
data[0] = 0
data[1] = 10
data[2] = 20
data[3] = 30
data[4] = 40
data[5] = 50
data[6] = 60
data[7] = 70
data[8] = 80
data[9] = 90
data[10] = 100
data[11] = 110
data[12] = 120
data[13] = 130
data[14] = 140
data[15] = 150
data[16] = 160
data[17] = 170
data[18] = 180
size = 19
capacity = 24
data[0x7fb369504f00]
я в пуше

Time is 01:17:26
Stack[0x7fb369504f00] "myStack" from stack_funcs_hash.cpp(74) in function - StackDump.
myStack->size = 20
now_size = 20
data[0] = 0
data[1] = 10
data[2] = 20
data[3] = 30
data[4] = 40
data[5] = 50
data[6] = 60
data[7] = 70
data[8] = 80
data[9] = 90
data[10] = 100
data[11] = 110
data[12] = 120
data[13] = 130
data[14] = 140
data[15] = 150
data[16] = 160
data[17] = 170
data[18] = 180
data[19] = 190
size = 20
capacity = 24
data[0x7fb369504f00]

Time is 01:17:26
Stack[0x7fb369504f00] "myStack" from stack_funcs_hash.cpp(74) in function - StackDump.
myStack->size = 20
now_size = 20
data[0] = 0
data[1] = 10
data[2] = 20
data[3] = 30
data[4] = 40
data[5] = 50
data[6] = 60
data[7] = 70
data[8] = 80
data[9] = 90
data[10] = 100
data[11] = 110
data[12] = 120
data[13] = 130
data[14] = 140
data[15] = 150
data[16] = 160
data[17] = 170
data[18] = 180
data[19] = 190
size = 20
capacity = 24
data[0x7fb369504f00]
я в пуше

Time is 01:17:26
Stack[0x7fb369504f00] "myStack" from stack_funcs_hash.cpp(74) in function - StackDump.
myStack->size = 21
now_size = 21
data[0] = 0
data[1] = 10
data[2] = 20
data[3] = 30
data[4] = 40
data[5] = 50
data[6] = 60
data[7] = 70
data[8] = 80
data[9] = 90
data[10] = 100
data[11] = 110
data[12] = 120
data[13] = 130
data[14] = 140
data[15] = 150
data[16] = 160
data[17] = 170
data[18] = 180
data[19] = 190
data[20] = 200
size = 21
capacity = 24
data[0x7fb369504f00]

Time is 01:17:26
Stack[0x7fb369504f00] "myStack" from stack_funcs_hash.cpp(74) in function - StackDump.
myStack->size = 21
now_size = 21
data[0] = 0
data[1] = 10
data[2] = 20
data[3] = 30
data[4] = 40
data[5] = 50
data[6] = 60
data[7] = 70
data[8] = 80
data[9] = 90
data[10] = 100
data[11] = 110
data[12] = 120
data[13] = 130
data[14] = 140
data[15] = 150
data[16] = 160
data[17] = 170
data[18] = 180
data[19] = 190
data[20] = 200
size = 21
capacity = 24
data[0x7fb369504f00]

Time is 01:17:26
Stack[0x7fb369504f00] "myStack" from stack_funcs_hash.cpp(74) in function - StackDump.
myStack->size = 21
now_size = 21
data[0] = 0
data[1] = 10
data[2] = 20
data[3] = 30
data[4] = 40
data[5] = 50
data[6] = 60
data[7] = 70
data[8] = 80
data[9] = 90
data[10] = 100
data[11] = 110
data[12] = 120
data[13] = 130
data[14] = 140
data[15] = 150
data[16] = 160
data[17] = 170
data[18] = 180
data[19] = 190
data[20] = 200
size = 21
capacity = 24
data[0x7fb369504f00]
200

Time is 01:17:26
Stack[0x7fb369504f00] "myStack" from stack_funcs_hash.cpp(74) in function - StackDump.
myStack->size = 20
now_size = 20
data[0] = 0
data[1] = 10
data[2] = 20
data[3] = 30
data[4] = 40
data[5] = 50
data[6] = 60
data[7] = 70
data[8] = 80
data[9] = 90
data[10] = 100
data[11] = 110
data[12] = 120
data[13] = 130
data[14] = 140
data[15] = 150
data[16] = 160
data[17] = 170
data[18] = 180
data[19] = 190
size = 20
capacity = 24
data[0x7fb369504f00]
190

Time is 01:17:26
Stack[0x7fb369504f00] "myStack" from stack_funcs_hash.cpp(74) in function - StackDump.
myStack->size = 19
now_size = 19
data[0] = 0
data[1] = 10
data[2] = 20
data[3] = 30
data[4] = 40
data[5] = 50
data[6] = 60
data[7] = 70
data[8] = 80
data[9] = 90
data[10] = 100
data[11] = 110
data[12] = 120
data[13] = 130
data[14] = 140
data[15] = 150
data[16] = 160
data[17] = 170
data[18] = 180
size = 19
capacity = 24
data[0x7fb369504f00]
180

Time is 01:17:26
Stack[0x7fb369504f00] "myStack" from stack_funcs_hash.cpp(74) in function - StackDump.
myStack->size = 18
now_size = 18
data[0] = 0
data[1] = 10
data[2] = 20
data[3] = 30
data[4] = 40
data[5] = 50
data[6] = 60
data[7] = 70
data[8] = 80
data[9] = 90
data[10] = 100
data[11] = 110
data[12] = 120
data[13] = 130
data[14] = 140
data[15] = 150
data[16] = 160
data[17] = 170
size = 18
capacity = 24
data[0x7fb369504f00]
170

Time is 01:17:26
Stack[0x7fb369504f00] "myStack" from stack_funcs_hash.cpp(74) in function - StackDump.
myStack->size = 17
now_size = 17
data[0] = 0
data[1] = 10
data[2] = 20
data[3] = 30
data[4] = 40
data[5] = 50
data[6] = 60
data[7] = 70
data[8] = 80
data[9] = 90
data[10] = 100
data[11] = 110
data[12] = 120
data[13] = 130
data[14] = 140
data[15] = 150
data[16] = 160
size = 17
capacity = 24
data[0x7fb369504f00]
160

Time is 01:17:26
Stack[0x7fb369504f00] "myStack" from stack_funcs_hash.cpp(74) in function - StackDump.
myStack->size = 16
now_size = 16
data[0] = 0
data[1] = 10
data[2] = 20
data[3] = 30
data[4] = 40
data[5] = 50
data[6] = 60
data[7] = 70
data[8] = 80
data[9] = 90
data[10] = 100
data[11] = 110
data[12] = 120
data[13] = 130
data[14] = 140
data[15] = 150
size = 16
capacity = 24
data[0x7fb369504f00]
150

Time is 01:17:26
Stack[0x7fb369504f00] "myStack" from stack_funcs_hash.cpp(74) in function - StackDump.
myStack->size = 15
now_size = 15
data[0] = 0
data[1] = 10
data[2] = 20
data[3] = 30
data[4] = 40
data[5] = 50
data[6] = 60
data[7] = 70
data[8] = 80
data[9] = 90
data[10] = 100
data[11] = 110
data[12] = 120
data[13] = 130
data[14] = 140
size = 15
capacity = 24
data[0x7fb369504f00]
140

Time is 01:17:26
Stack[0x7fb369504f00] "myStack" from stack_funcs_hash.cpp(74) in function - StackDump.
myStack->size = 14
now_size = 14
data[0] = 0
data[1] = 10
data[2] = 20
data[3] = 30
data[4] = 40
data[5] = 50
data[6] = 60
data[7] = 70
data[8] = 80
data[9] = 90
data[10] = 100
data[11] = 110
data[12] = 120
data[13] = 130
size = 14
capacity = 24
data[0x7fb369504f00]
130

Time is 01:17:26
Stack[0x7fb369504f00] "myStack" from stack_funcs_hash.cpp(74) in function - StackDump.
myStack->size = 13
now_size = 13
data[0] = 0
data[1] = 10
data[2] = 20
data[3] = 30
data[4] = 40
data[5] = 50
data[6] = 60
data[7] = 70
data[8] = 80
data[9] = 90
data[10] = 100
data[11] = 110
data[12] = 120
size = 13
capacity = 24
data[0x7fb369504f00]
120

Time is 01:17:26
Stack[0x7fb369504f00] "myStack" from stack_funcs_hash.cpp(74) in function - StackDump.
myStack->size = 12
now_size = 12
data[0] = 0
data[1] = 10
data[2] = 20
data[3] = 30
data[4] = 40
data[5] = 50
data[6] = 60
data[7] = 70
data[8] = 80
data[9] = 90
data[10] = 100
data[11] = 110
size = 12
capacity = 24
data[0x7fb369504f00]
110

Time is 01:17:26
Stack[0x7fb369504f00] "myStack" from stack_funcs_hash.cpp(74) in function - StackDump.
myStack->size = 11
now_size = 11
data[0] = 0
data[1] = 10
data[2] = 20
data[3] = 30
data[4] = 40
data[5] = 50
data[6] = 60
data[7] = 70
data[8] = 80
data[9] = 90
data[10] = 100
size = 11
capacity = 24
data[0x7fb369504f00]
100

Time is 01:17:26
Stack[0x7fb369504f00] "myStack" from stack_funcs_hash.cpp(74) in function - StackDump.
myStack->size = 10
now_size = 10
data[0] = 0
data[1] = 10
data[2] = 20
data[3] = 30
data[4] = 40
data[5] = 50
data[6] = 60
data[7] = 70
data[8] = 80
data[9] = 90
size = 10
capacity = 24
data[0x7fb369504f00]
90

Time is 01:17:26
Stack[0x7fb369504f00] "myStack" from stack_funcs_hash.cpp(74) in function - StackDump.
myStack->size = 9
now_size = 9
data[0] = 0
data[1] = 10
data[2] = 20
data[3] = 30
data[4] = 40
data[5] = 50
data[6] = 60
data[7] = 70
data[8] = 80
size = 9
capacity = 24
data[0x7fb369504f00]
80

Time is 01:17:26
Stack[0x7fb369504f00] "myStack" from stack_funcs_hash.cpp(74) in function - StackDump.
myStack->size = 8
now_size = 8
data[0] = 0
data[1] = 10
data[2] = 20
data[3] = 30
data[4] = 40
data[5] = 50
data[6] = 60
data[7] = 70
size = 8
capacity = 24
data[0x7fb369504f00]
70

Time is 01:17:26
Stack[0x7fb369504f00] "myStack" from stack_funcs_hash.cpp(74) in function - StackDump.
myStack->size = 7
now_size = 7
data[0] = 0
data[1] = 10
data[2] = 20
data[3] = 30
data[4] = 40
data[5] = 50
data[6] = 60
size = 7
capacity = 24
data[0x7fb369504f00]
60

Time is 01:17:26
Stack[0x7fb369504f00] "myStack" from stack_funcs_hash.cpp(74) in function - StackDump.
myStack->size = 6
now_size = 6
data[0] = 0
data[1] = 10
data[2] = 20
data[3] = 30
data[4] = 40
data[5] = 50
size = 6
capacity = 24
data[0x7fb369504f00]
50

Time is 01:17:26
Stack[0x7fb369504f00] "myStack" from stack_funcs_hash.cpp(74) in function - StackDump.
myStack->size = 5
now_size = 5
data[0] = 0
data[1] = 10
data[2] = 20
data[3] = 30
data[4] = 40
size = 5
capacity = 24
data[0x7fb369504f00]
40

Time is 01:17:26
Stack[0x7fb369504f00] "myStack" from stack_funcs_hash.cpp(74) in function - StackDump.
myStack->size = 4
now_size = 4
data[0] = 0
data[1] = 10
data[2] = 20
data[3] = 30
size = 4
capacity = 24
data[0x7fb369504f00]
30

Time is 01:17:26
Stack[0x7fb369504f00] "myStack" from stack_funcs_hash.cpp(74) in function - StackDump.
myStack->size = 3
now_size = 3
data[0] = 0
data[1] = 10
data[2] = 20
size = 3
capacity = 24
data[0x7fb369504f00]
20

Time is 01:17:26
Stack[0x7fb369504f00] "myStack" from stack_funcs_hash.cpp(74) in function - StackDump.
myStack->size = 2
now_size = 2
data[0] = 0
data[1] = 10
size = 2
capacity = 24
data[0x7fb369504f00]
10

Time is 01:17:26
Stack[0x7fb369504f00] "myStack" from stack_funcs_hash.cpp(74) in function - StackDump.
myStack->size = 1
now_size = 1
data[0] = 0
size = 1
capacity = 24
data[0x7fb369504f00]
0
ЗАКРЫТ ФАЙЛ
\----------------------------------------------------\
\----------------------------------------------------\
ОТКРЫТ ФАЙЛ
я в сторе

Time is 01:18:20
Stack[0x7fcfe1e04080] "myStack" from stack_funcs_hash.cpp(74) in function - StackDump.
myStack->size = 0
now_size = 0
size = 0
capacity = 100
data[0x7fcfe1e04080]
CalculateHash = 936
myStack->hash = 936

Time is 01:18:20
Stack[0x7fcfe1e04080] "myStack" from stack_funcs_hash.cpp(74) in function - StackDump.
myStack->size = 0
now_size = 0
size = 0
capacity = 100
data[0x7fcfe1e04080]

Time is 01:18:20
Stack[0x7fcfe1e04080] "myStack" from stack_funcs_hash.cpp(74) in function - StackDump.
myStack->size = 0
now_size = 0
size = 0
capacity = 100
data[0x7fcfe1e04080]
я - StackRellocUp1

Time is 01:18:20
Stack[0x7fcfe1e04080] "myStack" from stack_funcs_hash.cpp(74) in function - StackDump.
myStack->size = 0
now_size = 0
size = 0
capacity = 100
data[0x7fcfe1e04080]
я - StackRellocUp
capacity!!!перед изменением = 100
capacity!!!после изменений = 50
я в пуше

Time is 01:18:20
Stack[0x7fcfe1e04080] "myStack" from stack_funcs_hash.cpp(74) in function - StackDump.
myStack->size = 1
now_size = 1
data[0] = 0
size = 1
capacity = 50
data[0x7fcfe1e04080]

Time is 01:18:20
Stack[0x7fcfe1e04080] "myStack" from stack_funcs_hash.cpp(74) in function - StackDump.
myStack->size = 1
now_size = 1
data[0] = 0
size = 1
capacity = 50
data[0x7fcfe1e04080]
я - StackRellocUp1

Time is 01:18:20
Stack[0x7fcfe1e04080] "myStack" from stack_funcs_hash.cpp(74) in function - StackDump.
myStack->size = 1
now_size = 1
data[0] = 0
size = 1
capacity = 50
data[0x7fcfe1e04080]
я - StackRellocUp
capacity!!!перед изменением = 50
capacity!!!после изменений = 25
я в пуше

Time is 01:18:20
Stack[0x7fcfe1e04080] "myStack" from stack_funcs_hash.cpp(74) in function - StackDump.
myStack->size = 2
now_size = 2
data[0] = 0
data[1] = 10
size = 2
capacity = 25
data[0x7fcfe1e04080]

Time is 01:18:20
Stack[0x7fcfe1e04080] "myStack" from stack_funcs_hash.cpp(74) in function - StackDump.
myStack->size = 2
now_size = 2
data[0] = 0
data[1] = 10
size = 2
capacity = 25
data[0x7fcfe1e04080]
я - StackRellocUp1

Time is 01:18:20
Stack[0x7fcfe1e04080] "myStack" from stack_funcs_hash.cpp(74) in function - StackDump.
myStack->size = 2
now_size = 2
data[0] = 0
data[1] = 10
size = 2
capacity = 25
data[0x7fcfe1e04080]
я - StackRellocUp
capacity!!!перед изменением = 25
capacity!!!после изменений = 12
я в пуше

Time is 01:18:20
Stack[0x7fcfe1e04080] "myStack" from stack_funcs_hash.cpp(74) in function - StackDump.
myStack->size = 3
now_size = 3
data[0] = 0
data[1] = 10
data[2] = 20
size = 3
capacity = 12
data[0x7fcfe1e04080]

Time is 01:18:20
Stack[0x7fcfe1e04080] "myStack" from stack_funcs_hash.cpp(74) in function - StackDump.
myStack->size = 3
now_size = 3
data[0] = 0
data[1] = 10
data[2] = 20
size = 3
capacity = 12
data[0x7fcfe1e04080]
я - StackRellocUp1

Time is 01:18:20
Stack[0x7fcfe1e04080] "myStack" from stack_funcs_hash.cpp(74) in function - StackDump.
myStack->size = 3
now_size = 3
data[0] = 0
data[1] = 10
data[2] = 20
size = 3
capacity = 12
data[0x7fcfe1e04080]
я - StackRellocUp
capacity!!!перед изменением = 12
capacity!!!после изменений = 6
я в пуше

Time is 01:18:20
Stack[0x7fcfe1e04080] "myStack" from stack_funcs_hash.cpp(74) in function - StackDump.
myStack->size = 4
now_size = 4
data[0] = 0
data[1] = 10
data[2] = 20
data[3] = 30
size = 4
capacity = 6
data[0x7fcfe1e04080]

Time is 01:18:20
Stack[0x7fcfe1e04080] "myStack" from stack_funcs_hash.cpp(74) in function - StackDump.
myStack->size = 4
now_size = 4
data[0] = 0
data[1] = 10
data[2] = 20
data[3] = 30
size = 4
capacity = 6
data[0x7fcfe1e04080]
я в пуше

Time is 01:18:20
Stack[0x7fcfe1e04080] "myStack" from stack_funcs_hash.cpp(74) in function - StackDump.
myStack->size = 5
now_size = 5
data[0] = 0
data[1] = 10
data[2] = 20
data[3] = 30
data[4] = 40
size = 5
capacity = 6
data[0x7fcfe1e04080]

Time is 01:18:20
Stack[0x7fcfe1e04080] "myStack" from stack_funcs_hash.cpp(74) in function - StackDump.
myStack->size = 5
now_size = 5
data[0] = 0
data[1] = 10
data[2] = 20
data[3] = 30
data[4] = 40
size = 5
capacity = 6
data[0x7fcfe1e04080]
я в пуше

Time is 01:18:20
Stack[0x7fcfe1e04080] "myStack" from stack_funcs_hash.cpp(74) in function - StackDump.
myStack->size = 6
now_size = 6
data[0] = 0
data[1] = 10
data[2] = 20
data[3] = 30
data[4] = 40
data[5] = 50
size = 6
capacity = 6
data[0x7fcfe1e04080]

Time is 01:18:20
Stack[0x7fcfe1e04080] "myStack" from stack_funcs_hash.cpp(74) in function - StackDump.
myStack->size = 6
now_size = 6
data[0] = 0
data[1] = 10
data[2] = 20
data[3] = 30
data[4] = 40
data[5] = 50
size = 6
capacity = 6
data[0x7fcfe1e04080]
я - StackRellocUp1

Time is 01:18:20
Stack[0x7fcfe1e04080] "myStack" from stack_funcs_hash.cpp(74) in function - StackDump.
myStack->size = 6
now_size = 6
data[0] = 0
data[1] = 10
data[2] = 20
data[3] = 30
data[4] = 40
data[5] = 50
size = 6
capacity = 6
data[0x7fcfe1e04080]
я - StackRellocUp
capacity!!!перед изменением = 6
capacity!!!после изменений = 12
я в пуше

Time is 01:18:20
Stack[0x7fcfe1e04080] "myStack" from stack_funcs_hash.cpp(74) in function - StackDump.
myStack->size = 7
now_size = 7
data[0] = 0
data[1] = 10
data[2] = 20
data[3] = 30
data[4] = 40
data[5] = 50
data[6] = 60
size = 7
capacity = 12
data[0x7fcfe1e04080]

Time is 01:18:20
Stack[0x7fcfe1e04080] "myStack" from stack_funcs_hash.cpp(74) in function - StackDump.
myStack->size = 7
now_size = 7
data[0] = 0
data[1] = 10
data[2] = 20
data[3] = 30
data[4] = 40
data[5] = 50
data[6] = 60
size = 7
capacity = 12
data[0x7fcfe1e04080]
я в пуше

Time is 01:18:20
Stack[0x7fcfe1e04080] "myStack" from stack_funcs_hash.cpp(74) in function - StackDump.
myStack->size = 8
now_size = 8
data[0] = 0
data[1] = 10
data[2] = 20
data[3] = 30
data[4] = 40
data[5] = 50
data[6] = 60
data[7] = 70
size = 8
capacity = 12
data[0x7fcfe1e04080]

Time is 01:18:20
Stack[0x7fcfe1e04080] "myStack" from stack_funcs_hash.cpp(74) in function - StackDump.
myStack->size = 8
now_size = 8
data[0] = 0
data[1] = 10
data[2] = 20
data[3] = 30
data[4] = 40
data[5] = 50
data[6] = 60
data[7] = 70
size = 8
capacity = 12
data[0x7fcfe1e04080]
я в пуше

Time is 01:18:20
Stack[0x7fcfe1e04080] "myStack" from stack_funcs_hash.cpp(74) in function - StackDump.
myStack->size = 9
now_size = 9
data[0] = 0
data[1] = 10
data[2] = 20
data[3] = 30
data[4] = 40
data[5] = 50
data[6] = 60
data[7] = 70
data[8] = 80
size = 9
capacity = 12
data[0x7fcfe1e04080]

Time is 01:18:20
Stack[0x7fcfe1e04080] "myStack" from stack_funcs_hash.cpp(74) in function - StackDump.
myStack->size = 9
now_size = 9
data[0] = 0
data[1] = 10
data[2] = 20
data[3] = 30
data[4] = 40
data[5] = 50
data[6] = 60
data[7] = 70
data[8] = 80
size = 9
capacity = 12
data[0x7fcfe1e04080]
я в пуше

Time is 01:18:20
Stack[0x7fcfe1e04080] "myStack" from stack_funcs_hash.cpp(74) in function - StackDump.
myStack->size = 10
now_size = 10
data[0] = 0
data[1] = 10
data[2] = 20
data[3] = 30
data[4] = 40
data[5] = 50
data[6] = 60
data[7] = 70
data[8] = 80
data[9] = 90
size = 10
capacity = 12
data[0x7fcfe1e04080]

Time is 01:18:20
Stack[0x7fcfe1e04080] "myStack" from stack_funcs_hash.cpp(74) in function - StackDump.
myStack->size = 10
now_size = 10
data[0] = 0
data[1] = 10
data[2] = 20
data[3] = 30
data[4] = 40
data[5] = 50
data[6] = 60
data[7] = 70
data[8] = 80
data[9] = 90
size = 10
capacity = 12
data[0x7fcfe1e04080]
я в пуше

Time is 01:18:20
Stack[0x7fcfe1e04080] "myStack" from stack_funcs_hash.cpp(74) in function - StackDump.
myStack->size = 11
now_size = 11
data[0] = 0
data[1] = 10
data[2] = 20
data[3] = 30
data[4] = 40
data[5] = 50
data[6] = 60
data[7] = 70
data[8] = 80
data[9] = 90
data[10] = 100
size = 11
capacity = 12
data[0x7fcfe1e04080]

Time is 01:18:20
Stack[0x7fcfe1e04080] "myStack" from stack_funcs_hash.cpp(74) in function - StackDump.
myStack->size = 11
now_size = 11
data[0] = 0
data[1] = 10
data[2] = 20
data[3] = 30
data[4] = 40
data[5] = 50
data[6] = 60
data[7] = 70
data[8] = 80
data[9] = 90
data[10] = 100
size = 11
capacity = 12
data[0x7fcfe1e04080]
я в пуше

Time is 01:18:20
Stack[0x7fcfe1e04080] "myStack" from stack_funcs_hash.cpp(74) in function - StackDump.
myStack->size = 12
now_size = 12
data[0] = 0
data[1] = 10
data[2] = 20
data[3] = 30
data[4] = 40
data[5] = 50
data[6] = 60
data[7] = 70
data[8] = 80
data[9] = 90
data[10] = 100
data[11] = 110
size = 12
capacity = 12
data[0x7fcfe1e04080]

Time is 01:18:20
Stack[0x7fcfe1e04080] "myStack" from stack_funcs_hash.cpp(74) in function - StackDump.
myStack->size = 12
now_size = 12
data[0] = 0
data[1] = 10
data[2] = 20
data[3] = 30
data[4] = 40
data[5] = 50
data[6] = 60
data[7] = 70
data[8] = 80
data[9] = 90
data[10] = 100
data[11] = 110
size = 12
capacity = 12
data[0x7fcfe1e04080]
я - StackRellocUp1

Time is 01:18:20
Stack[0x7fcfe1e04080] "myStack" from stack_funcs_hash.cpp(74) in function - StackDump.
myStack->size = 12
now_size = 12
data[0] = 0
data[1] = 10
data[2] = 20
data[3] = 30
data[4] = 40
data[5] = 50
data[6] = 60
data[7] = 70
data[8] = 80
data[9] = 90
data[10] = 100
data[11] = 110
size = 12
capacity = 12
data[0x7fcfe1e04080]
я - StackRellocUp
capacity!!!перед изменением = 12
capacity!!!после изменений = 24
я в пуше

Time is 01:18:20
Stack[0x7fcfe1e04080] "myStack" from stack_funcs_hash.cpp(74) in function - StackDump.
myStack->size = 13
now_size = 13
data[0] = 0
data[1] = 10
data[2] = 20
data[3] = 30
data[4] = 40
data[5] = 50
data[6] = 60
data[7] = 70
data[8] = 80
data[9] = 90
data[10] = 100
data[11] = 110
data[12] = 120
size = 13
capacity = 24
data[0x7fcfe1e04080]

Time is 01:18:20
Stack[0x7fcfe1e04080] "myStack" from stack_funcs_hash.cpp(74) in function - StackDump.
myStack->size = 13
now_size = 13
data[0] = 0
data[1] = 10
data[2] = 20
data[3] = 30
data[4] = 40
data[5] = 50
data[6] = 60
data[7] = 70
data[8] = 80
data[9] = 90
data[10] = 100
data[11] = 110
data[12] = 120
size = 13
capacity = 24
data[0x7fcfe1e04080]
я в пуше

Time is 01:18:20
Stack[0x7fcfe1e04080] "myStack" from stack_funcs_hash.cpp(74) in function - StackDump.
myStack->size = 14
now_size = 14
data[0] = 0
data[1] = 10
data[2] = 20
data[3] = 30
data[4] = 40
data[5] = 50
data[6] = 60
data[7] = 70
data[8] = 80
data[9] = 90
data[10] = 100
data[11] = 110
data[12] = 120
data[13] = 130
size = 14
capacity = 24
data[0x7fcfe1e04080]

Time is 01:18:20
Stack[0x7fcfe1e04080] "myStack" from stack_funcs_hash.cpp(74) in function - StackDump.
myStack->size = 14
now_size = 14
data[0] = 0
data[1] = 10
data[2] = 20
data[3] = 30
data[4] = 40
data[5] = 50
data[6] = 60
data[7] = 70
data[8] = 80
data[9] = 90
data[10] = 100
data[11] = 110
data[12] = 120
data[13] = 130
size = 14
capacity = 24
data[0x7fcfe1e04080]
я в пуше

Time is 01:18:20
Stack[0x7fcfe1e04080] "myStack" from stack_funcs_hash.cpp(74) in function - StackDump.
myStack->size = 15
now_size = 15
data[0] = 0
data[1] = 10
data[2] = 20
data[3] = 30
data[4] = 40
data[5] = 50
data[6] = 60
data[7] = 70
data[8] = 80
data[9] = 90
data[10] = 100
data[11] = 110
data[12] = 120
data[13] = 130
data[14] = 140
size = 15
capacity = 24
data[0x7fcfe1e04080]

Time is 01:18:20
Stack[0x7fcfe1e04080] "myStack" from stack_funcs_hash.cpp(74) in function - StackDump.
myStack->size = 15
now_size = 15
data[0] = 0
data[1] = 10
data[2] = 20
data[3] = 30
data[4] = 40
data[5] = 50
data[6] = 60
data[7] = 70
data[8] = 80
data[9] = 90
data[10] = 100
data[11] = 110
data[12] = 120
data[13] = 130
data[14] = 140
size = 15
capacity = 24
data[0x7fcfe1e04080]
я в пуше

Time is 01:18:20
Stack[0x7fcfe1e04080] "myStack" from stack_funcs_hash.cpp(74) in function - StackDump.
myStack->size = 16
now_size = 16
data[0] = 0
data[1] = 10
data[2] = 20
data[3] = 30
data[4] = 40
data[5] = 50
data[6] = 60
data[7] = 70
data[8] = 80
data[9] = 90
data[10] = 100
data[11] = 110
data[12] = 120
data[13] = 130
data[14] = 140
data[15] = 150
size = 16
capacity = 24
data[0x7fcfe1e04080]

Time is 01:18:20
Stack[0x7fcfe1e04080] "myStack" from stack_funcs_hash.cpp(74) in function - StackDump.
myStack->size = 16
now_size = 16
data[0] = 0
data[1] = 10
data[2] = 20
data[3] = 30
data[4] = 40
data[5] = 50
data[6] = 60
data[7] = 70
data[8] = 80
data[9] = 90
data[10] = 100
data[11] = 110
data[12] = 120
data[13] = 130
data[14] = 140
data[15] = 150
size = 16
capacity = 24
data[0x7fcfe1e04080]
я в пуше

Time is 01:18:20
Stack[0x7fcfe1e04080] "myStack" from stack_funcs_hash.cpp(74) in function - StackDump.
myStack->size = 17
now_size = 17
data[0] = 0
data[1] = 10
data[2] = 20
data[3] = 30
data[4] = 40
data[5] = 50
data[6] = 60
data[7] = 70
data[8] = 80
data[9] = 90
data[10] = 100
data[11] = 110
data[12] = 120
data[13] = 130
data[14] = 140
data[15] = 150
data[16] = 160
size = 17
capacity = 24
data[0x7fcfe1e04080]

Time is 01:18:20
Stack[0x7fcfe1e04080] "myStack" from stack_funcs_hash.cpp(74) in function - StackDump.
myStack->size = 17
now_size = 17
data[0] = 0
data[1] = 10
data[2] = 20
data[3] = 30
data[4] = 40
data[5] = 50
data[6] = 60
data[7] = 70
data[8] = 80
data[9] = 90
data[10] = 100
data[11] = 110
data[12] = 120
data[13] = 130
data[14] = 140
data[15] = 150
data[16] = 160
size = 17
capacity = 24
data[0x7fcfe1e04080]
я в пуше

Time is 01:18:20
Stack[0x7fcfe1e04080] "myStack" from stack_funcs_hash.cpp(74) in function - StackDump.
myStack->size = 18
now_size = 18
data[0] = 0
data[1] = 10
data[2] = 20
data[3] = 30
data[4] = 40
data[5] = 50
data[6] = 60
data[7] = 70
data[8] = 80
data[9] = 90
data[10] = 100
data[11] = 110
data[12] = 120
data[13] = 130
data[14] = 140
data[15] = 150
data[16] = 160
data[17] = 170
size = 18
capacity = 24
data[0x7fcfe1e04080]

Time is 01:18:20
Stack[0x7fcfe1e04080] "myStack" from stack_funcs_hash.cpp(74) in function - StackDump.
myStack->size = 18
now_size = 18
data[0] = 0
data[1] = 10
data[2] = 20
data[3] = 30
data[4] = 40
data[5] = 50
data[6] = 60
data[7] = 70
data[8] = 80
data[9] = 90
data[10] = 100
data[11] = 110
data[12] = 120
data[13] = 130
data[14] = 140
data[15] = 150
data[16] = 160
data[17] = 170
size = 18
capacity = 24
data[0x7fcfe1e04080]
я в пуше

Time is 01:18:20
Stack[0x7fcfe1e04080] "myStack" from stack_funcs_hash.cpp(74) in function - StackDump.
myStack->size = 19
now_size = 19
data[0] = 0
data[1] = 10
data[2] = 20
data[3] = 30
data[4] = 40
data[5] = 50
data[6] = 60
data[7] = 70
data[8] = 80
data[9] = 90
data[10] = 100
data[11] = 110
data[12] = 120
data[13] = 130
data[14] = 140
data[15] = 150
data[16] = 160
data[17] = 170
data[18] = 180
size = 19
capacity = 24
data[0x7fcfe1e04080]

Time is 01:18:20
Stack[0x7fcfe1e04080] "myStack" from stack_funcs_hash.cpp(74) in function - StackDump.
myStack->size = 19
now_size = 19
data[0] = 0
data[1] = 10
data[2] = 20
data[3] = 30
data[4] = 40
data[5] = 50
data[6] = 60
data[7] = 70
data[8] = 80
data[9] = 90
data[10] = 100
data[11] = 110
data[12] = 120
data[13] = 130
data[14] = 140
data[15] = 150
data[16] = 160
data[17] = 170
data[18] = 180
size = 19
capacity = 24
data[0x7fcfe1e04080]
я в пуше

Time is 01:18:20
Stack[0x7fcfe1e04080] "myStack" from stack_funcs_hash.cpp(74) in function - StackDump.
myStack->size = 20
now_size = 20
data[0] = 0
data[1] = 10
data[2] = 20
data[3] = 30
data[4] = 40
data[5] = 50
data[6] = 60
data[7] = 70
data[8] = 80
data[9] = 90
data[10] = 100
data[11] = 110
data[12] = 120
data[13] = 130
data[14] = 140
data[15] = 150
data[16] = 160
data[17] = 170
data[18] = 180
data[19] = 190
size = 20
capacity = 24
data[0x7fcfe1e04080]

Time is 01:18:20
Stack[0x7fcfe1e04080] "myStack" from stack_funcs_hash.cpp(74) in function - StackDump.
myStack->size = 20
now_size = 20
data[0] = 0
data[1] = 10
data[2] = 20
data[3] = 30
data[4] = 40
data[5] = 50
data[6] = 60
data[7] = 70
data[8] = 80
data[9] = 90
data[10] = 100
data[11] = 110
data[12] = 120
data[13] = 130
data[14] = 140
data[15] = 150
data[16] = 160
data[17] = 170
data[18] = 180
data[19] = 190
size = 20
capacity = 24
data[0x7fcfe1e04080]
я в пуше

Time is 01:18:20
Stack[0x7fcfe1e04080] "myStack" from stack_funcs_hash.cpp(74) in function - StackDump.
myStack->size = 21
now_size = 21
data[0] = 0
data[1] = 10
data[2] = 20
data[3] = 30
data[4] = 40
data[5] = 50
data[6] = 60
data[7] = 70
data[8] = 80
data[9] = 90
data[10] = 100
data[11] = 110
data[12] = 120
data[13] = 130
data[14] = 140
data[15] = 150
data[16] = 160
data[17] = 170
data[18] = 180
data[19] = 190
data[20] = 200
size = 21
capacity = 24
data[0x7fcfe1e04080]

Time is 01:18:20
Stack[0x7fcfe1e04080] "myStack" from stack_funcs_hash.cpp(74) in function - StackDump.
myStack->size = 21
now_size = 21
data[0] = 0
data[1] = 10
data[2] = 20
data[3] = 30
data[4] = 40
data[5] = 50
data[6] = 60
data[7] = 70
data[8] = 80
data[9] = 90
data[10] = 100
data[11] = 110
data[12] = 120
data[13] = 130
data[14] = 140
data[15] = 150
data[16] = 160
data[17] = 170
data[18] = 180
data[19] = 190
data[20] = 200
size = 21
capacity = 24
data[0x7fcfe1e04080]

Time is 01:18:20
Stack[0x7fcfe1e04080] "myStack" from stack_funcs_hash.cpp(74) in function - StackDump.
myStack->size = 21
now_size = 21
data[0] = 0
data[1] = 10
data[2] = 20
data[3] = 30
data[4] = 40
data[5] = 50
data[6] = 60
data[7] = 70
data[8] = 80
data[9] = 90
data[10] = 100
data[11] = 110
data[12] = 120
data[13] = 130
data[14] = 140
data[15] = 150
data[16] = 160
data[17] = 170
data[18] = 180
data[19] = 190
data[20] = 200
size = 21
capacity = 24
data[0x7fcfe1e04080]
200

Time is 01:18:20
Stack[0x7fcfe1e04080] "myStack" from stack_funcs_hash.cpp(74) in function - StackDump.
myStack->size = 20
now_size = 20
data[0] = 0
data[1] = 10
data[2] = 20
data[3] = 30
data[4] = 40
data[5] = 50
data[6] = 60
data[7] = 70
data[8] = 80
data[9] = 90
data[10] = 100
data[11] = 110
data[12] = 120
data[13] = 130
data[14] = 140
data[15] = 150
data[16] = 160
data[17] = 170
data[18] = 180
data[19] = 190
size = 20
capacity = 24
data[0x7fcfe1e04080]
190

Time is 01:18:20
Stack[0x7fcfe1e04080] "myStack" from stack_funcs_hash.cpp(74) in function - StackDump.
myStack->size = 19
now_size = 19
data[0] = 0
data[1] = 10
data[2] = 20
data[3] = 30
data[4] = 40
data[5] = 50
data[6] = 60
data[7] = 70
data[8] = 80
data[9] = 90
data[10] = 100
data[11] = 110
data[12] = 120
data[13] = 130
data[14] = 140
data[15] = 150
data[16] = 160
data[17] = 170
data[18] = 180
size = 19
capacity = 24
data[0x7fcfe1e04080]
180

Time is 01:18:20
Stack[0x7fcfe1e04080] "myStack" from stack_funcs_hash.cpp(74) in function - StackDump.
myStack->size = 18
now_size = 18
data[0] = 0
data[1] = 10
data[2] = 20
data[3] = 30
data[4] = 40
data[5] = 50
data[6] = 60
data[7] = 70
data[8] = 80
data[9] = 90
data[10] = 100
data[11] = 110
data[12] = 120
data[13] = 130
data[14] = 140
data[15] = 150
data[16] = 160
data[17] = 170
size = 18
capacity = 24
data[0x7fcfe1e04080]
170

Time is 01:18:20
Stack[0x7fcfe1e04080] "myStack" from stack_funcs_hash.cpp(74) in function - StackDump.
myStack->size = 17
now_size = 17
data[0] = 0
data[1] = 10
data[2] = 20
data[3] = 30
data[4] = 40
data[5] = 50
data[6] = 60
data[7] = 70
data[8] = 80
data[9] = 90
data[10] = 100
data[11] = 110
data[12] = 120
data[13] = 130
data[14] = 140
data[15] = 150
data[16] = 160
size = 17
capacity = 24
data[0x7fcfe1e04080]
160

Time is 01:18:20
Stack[0x7fcfe1e04080] "myStack" from stack_funcs_hash.cpp(74) in function - StackDump.
myStack->size = 16
now_size = 16
data[0] = 0
data[1] = 10
data[2] = 20
data[3] = 30
data[4] = 40
data[5] = 50
data[6] = 60
data[7] = 70
data[8] = 80
data[9] = 90
data[10] = 100
data[11] = 110
data[12] = 120
data[13] = 130
data[14] = 140
data[15] = 150
size = 16
capacity = 24
data[0x7fcfe1e04080]
150

Time is 01:18:20
Stack[0x7fcfe1e04080] "myStack" from stack_funcs_hash.cpp(74) in function - StackDump.
myStack->size = 15
now_size = 15
data[0] = 0
data[1] = 10
data[2] = 20
data[3] = 30
data[4] = 40
data[5] = 50
data[6] = 60
data[7] = 70
data[8] = 80
data[9] = 90
data[10] = 100
data[11] = 110
data[12] = 120
data[13] = 130
data[14] = 140
size = 15
capacity = 24
data[0x7fcfe1e04080]
140

Time is 01:18:20
Stack[0x7fcfe1e04080] "myStack" from stack_funcs_hash.cpp(74) in function - StackDump.
myStack->size = 14
now_size = 14
data[0] = 0
data[1] = 10
data[2] = 20
data[3] = 30
data[4] = 40
data[5] = 50
data[6] = 60
data[7] = 70
data[8] = 80
data[9] = 90
data[10] = 100
data[11] = 110
data[12] = 120
data[13] = 130
size = 14
capacity = 24
data[0x7fcfe1e04080]
130

Time is 01:18:20
Stack[0x7fcfe1e04080] "myStack" from stack_funcs_hash.cpp(74) in function - StackDump.
myStack->size = 13
now_size = 13
data[0] = 0
data[1] = 10
data[2] = 20
data[3] = 30
data[4] = 40
data[5] = 50
data[6] = 60
data[7] = 70
data[8] = 80
data[9] = 90
data[10] = 100
data[11] = 110
data[12] = 120
size = 13
capacity = 24
data[0x7fcfe1e04080]
120

Time is 01:18:20
Stack[0x7fcfe1e04080] "myStack" from stack_funcs_hash.cpp(74) in function - StackDump.
myStack->size = 12
now_size = 12
data[0] = 0
data[1] = 10
data[2] = 20
data[3] = 30
data[4] = 40
data[5] = 50
data[6] = 60
data[7] = 70
data[8] = 80
data[9] = 90
data[10] = 100
data[11] = 110
size = 12
capacity = 24
data[0x7fcfe1e04080]
110

Time is 01:18:20
Stack[0x7fcfe1e04080] "myStack" from stack_funcs_hash.cpp(74) in function - StackDump.
myStack->size = 11
now_size = 11
data[0] = 0
data[1] = 10
data[2] = 20
data[3] = 30
data[4] = 40
data[5] = 50
data[6] = 60
data[7] = 70
data[8] = 80
data[9] = 90
data[10] = 100
size = 11
capacity = 24
data[0x7fcfe1e04080]
100

Time is 01:18:20
Stack[0x7fcfe1e04080] "myStack" from stack_funcs_hash.cpp(74) in function - StackDump.
myStack->size = 10
now_size = 10
data[0] = 0
data[1] = 10
data[2] = 20
data[3] = 30
data[4] = 40
data[5] = 50
data[6] = 60
data[7] = 70
data[8] = 80
data[9] = 90
size = 10
capacity = 24
data[0x7fcfe1e04080]
90

Time is 01:18:20
Stack[0x7fcfe1e04080] "myStack" from stack_funcs_hash.cpp(74) in function - StackDump.
myStack->size = 9
now_size = 9
data[0] = 0
data[1] = 10
data[2] = 20
data[3] = 30
data[4] = 40
data[5] = 50
data[6] = 60
data[7] = 70
data[8] = 80
size = 9
capacity = 24
data[0x7fcfe1e04080]
80

Time is 01:18:20
Stack[0x7fcfe1e04080] "myStack" from stack_funcs_hash.cpp(74) in function - StackDump.
myStack->size = 8
now_size = 8
data[0] = 0
data[1] = 10
data[2] = 20
data[3] = 30
data[4] = 40
data[5] = 50
data[6] = 60
data[7] = 70
size = 8
capacity = 24
data[0x7fcfe1e04080]
70

Time is 01:18:20
Stack[0x7fcfe1e04080] "myStack" from stack_funcs_hash.cpp(74) in function - StackDump.
myStack->size = 7
now_size = 7
data[0] = 0
data[1] = 10
data[2] = 20
data[3] = 30
data[4] = 40
data[5] = 50
data[6] = 60
size = 7
capacity = 24
data[0x7fcfe1e04080]
60

Time is 01:18:20
Stack[0x7fcfe1e04080] "myStack" from stack_funcs_hash.cpp(74) in function - StackDump.
myStack->size = 6
now_size = 6
data[0] = 0
data[1] = 10
data[2] = 20
data[3] = 30
data[4] = 40
data[5] = 50
size = 6
capacity = 24
data[0x7fcfe1e04080]
50

Time is 01:18:20
Stack[0x7fcfe1e04080] "myStack" from stack_funcs_hash.cpp(74) in function - StackDump.
myStack->size = 5
now_size = 5
data[0] = 0
data[1] = 10
data[2] = 20
data[3] = 30
data[4] = 40
size = 5
capacity = 24
data[0x7fcfe1e04080]
40

Time is 01:18:20
Stack[0x7fcfe1e04080] "myStack" from stack_funcs_hash.cpp(74) in function - StackDump.
myStack->size = 4
now_size = 4
data[0] = 0
data[1] = 10
data[2] = 20
data[3] = 30
size = 4
capacity = 24
data[0x7fcfe1e04080]
30

Time is 01:18:20
Stack[0x7fcfe1e04080] "myStack" from stack_funcs_hash.cpp(74) in function - StackDump.
myStack->size = 3
now_size = 3
data[0] = 0
data[1] = 10
data[2] = 20
size = 3
capacity = 24
data[0x7fcfe1e04080]
20

Time is 01:18:20
Stack[0x7fcfe1e04080] "myStack" from stack_funcs_hash.cpp(74) in function - StackDump.
myStack->size = 2
now_size = 2
data[0] = 0
data[1] = 10
size = 2
capacity = 24
data[0x7fcfe1e04080]
10

Time is 01:18:20
Stack[0x7fcfe1e04080] "myStack" from stack_funcs_hash.cpp(74) in function - StackDump.
myStack->size = 1
now_size = 1
data[0] = 0
size = 1
capacity = 24
data[0x7fcfe1e04080]
0
ЗАКРЫТ ФАЙЛ
\----------------------------------------------------\
\----------------------------------------------------\
ОТКРЫТ ФАЙЛ
я в сторе

Time is 01:26:20
Stack[0x7fb640405a60] "myStack" from stack_funcs_hash.cpp(75) in function - StackDump.
myStack->size = 0
now_size = 0
size = 0
capacity = 100
data[0x7fb640405a60]
CalculateHash = 936
myStack->hash = 936

Time is 01:26:20
Stack[0x7fb640405a60] "myStack" from stack_funcs_hash.cpp(75) in function - StackDump.
myStack->size = 0
now_size = 0
size = 0
capacity = 100
data[0x7fb640405a60]
я - StackRellocUp1

Time is 01:26:20
Stack[0x7fb640405a60] "myStack" from stack_funcs_hash.cpp(75) in function - StackDump.
myStack->size = 0
now_size = 0
size = 0
capacity = 100
data[0x7fb640405a60]
я - StackRellocUp
capacity!!!перед изменением = 100
capacity!!!после изменений = 50
я в пуше

Time is 01:26:20
Stack[0x7fb640405a60] "myStack" from stack_funcs_hash.cpp(75) in function - StackDump.
myStack->size = 1
now_size = 1
data[0] = 0
size = 1
capacity = 50
data[0x7fb640405a60]

Time is 01:26:20
Stack[0x7fb640405a60] "myStack" from stack_funcs_hash.cpp(75) in function - StackDump.
myStack->size = 1
now_size = 1
data[0] = 0
size = 1
capacity = 50
data[0x7fb640405a60]
я - StackRellocUp1

Time is 01:26:20
Stack[0x7fb640405a60] "myStack" from stack_funcs_hash.cpp(75) in function - StackDump.
myStack->size = 1
now_size = 1
data[0] = 0
size = 1
capacity = 50
data[0x7fb640405a60]
я - StackRellocUp
capacity!!!перед изменением = 50
capacity!!!после изменений = 25
я в пуше

Time is 01:26:20
Stack[0x7fb640405a60] "myStack" from stack_funcs_hash.cpp(75) in function - StackDump.
myStack->size = 2
now_size = 2
data[0] = 0
data[1] = 10
size = 2
capacity = 25
data[0x7fb640405a60]

Time is 01:26:20
Stack[0x7fb640405a60] "myStack" from stack_funcs_hash.cpp(75) in function - StackDump.
myStack->size = 2
now_size = 2
data[0] = 0
data[1] = 10
size = 2
capacity = 25
data[0x7fb640405a60]
я - StackRellocUp1

Time is 01:26:20
Stack[0x7fb640405a60] "myStack" from stack_funcs_hash.cpp(75) in function - StackDump.
myStack->size = 2
now_size = 2
data[0] = 0
data[1] = 10
size = 2
capacity = 25
data[0x7fb640405a60]
я - StackRellocUp
capacity!!!перед изменением = 25
capacity!!!после изменений = 12
я в пуше

Time is 01:26:20
Stack[0x7fb640405a60] "myStack" from stack_funcs_hash.cpp(75) in function - StackDump.
myStack->size = 3
now_size = 3
data[0] = 0
data[1] = 10
data[2] = 20
size = 3
capacity = 12
data[0x7fb640405a60]

Time is 01:26:20
Stack[0x7fb640405a60] "myStack" from stack_funcs_hash.cpp(75) in function - StackDump.
myStack->size = 3
now_size = 3
data[0] = 0
data[1] = 10
data[2] = 20
size = 3
capacity = 12
data[0x7fb640405a60]
я - StackRellocUp1

Time is 01:26:20
Stack[0x7fb640405a60] "myStack" from stack_funcs_hash.cpp(75) in function - StackDump.
myStack->size = 3
now_size = 3
data[0] = 0
data[1] = 10
data[2] = 20
size = 3
capacity = 12
data[0x7fb640405a60]
я - StackRellocUp
capacity!!!перед изменением = 12
capacity!!!после изменений = 6
я в пуше

Time is 01:26:20
Stack[0x7fb640405a60] "myStack" from stack_funcs_hash.cpp(75) in function - StackDump.
myStack->size = 4
now_size = 4
data[0] = 0
data[1] = 10
data[2] = 20
data[3] = 30
size = 4
capacity = 6
data[0x7fb640405a60]

Time is 01:26:20
Stack[0x7fb640405a60] "myStack" from stack_funcs_hash.cpp(75) in function - StackDump.
myStack->size = 4
now_size = 4
data[0] = 0
data[1] = 10
data[2] = 20
data[3] = 30
size = 4
capacity = 6
data[0x7fb640405a60]
я в пуше

Time is 01:26:20
Stack[0x7fb640405a60] "myStack" from stack_funcs_hash.cpp(75) in function - StackDump.
myStack->size = 5
now_size = 5
data[0] = 0
data[1] = 10
data[2] = 20
data[3] = 30
data[4] = 40
size = 5
capacity = 6
data[0x7fb640405a60]

Time is 01:26:20
Stack[0x7fb640405a60] "myStack" from stack_funcs_hash.cpp(75) in function - StackDump.
myStack->size = 5
now_size = 5
data[0] = 0
data[1] = 10
data[2] = 20
data[3] = 30
data[4] = 40
size = 5
capacity = 6
data[0x7fb640405a60]
я в пуше

Time is 01:26:20
Stack[0x7fb640405a60] "myStack" from stack_funcs_hash.cpp(75) in function - StackDump.
myStack->size = 6
now_size = 6
data[0] = 0
data[1] = 10
data[2] = 20
data[3] = 30
data[4] = 40
data[5] = 50
size = 6
capacity = 6
data[0x7fb640405a60]

Time is 01:26:20
Stack[0x7fb640405a60] "myStack" from stack_funcs_hash.cpp(75) in function - StackDump.
myStack->size = 6
now_size = 6
data[0] = 0
data[1] = 10
data[2] = 20
data[3] = 30
data[4] = 40
data[5] = 50
size = 6
capacity = 6
data[0x7fb640405a60]
я - StackRellocUp1

Time is 01:26:20
Stack[0x7fb640405a60] "myStack" from stack_funcs_hash.cpp(75) in function - StackDump.
myStack->size = 6
now_size = 6
data[0] = 0
data[1] = 10
data[2] = 20
data[3] = 30
data[4] = 40
data[5] = 50
size = 6
capacity = 6
data[0x7fb640405a60]
я - StackRellocUp
capacity!!!перед изменением = 6
capacity!!!после изменений = 12
я в пуше

Time is 01:26:20
Stack[0x7fb640405a60] "myStack" from stack_funcs_hash.cpp(75) in function - StackDump.
myStack->size = 7
now_size = 7
data[0] = 0
data[1] = 10
data[2] = 20
data[3] = 30
data[4] = 40
data[5] = 50
data[6] = 60
size = 7
capacity = 12
data[0x7fb640405a60]

Time is 01:26:20
Stack[0x7fb640405a60] "myStack" from stack_funcs_hash.cpp(75) in function - StackDump.
myStack->size = 7
now_size = 7
data[0] = 0
data[1] = 10
data[2] = 20
data[3] = 30
data[4] = 40
data[5] = 50
data[6] = 60
size = 7
capacity = 12
data[0x7fb640405a60]
я в пуше

Time is 01:26:20
Stack[0x7fb640405a60] "myStack" from stack_funcs_hash.cpp(75) in function - StackDump.
myStack->size = 8
now_size = 8
data[0] = 0
data[1] = 10
data[2] = 20
data[3] = 30
data[4] = 40
data[5] = 50
data[6] = 60
data[7] = 70
size = 8
capacity = 12
data[0x7fb640405a60]

Time is 01:26:20
Stack[0x7fb640405a60] "myStack" from stack_funcs_hash.cpp(75) in function - StackDump.
myStack->size = 8
now_size = 8
data[0] = 0
data[1] = 10
data[2] = 20
data[3] = 30
data[4] = 40
data[5] = 50
data[6] = 60
data[7] = 70
size = 8
capacity = 12
data[0x7fb640405a60]
я в пуше

Time is 01:26:20
Stack[0x7fb640405a60] "myStack" from stack_funcs_hash.cpp(75) in function - StackDump.
myStack->size = 9
now_size = 9
data[0] = 0
data[1] = 10
data[2] = 20
data[3] = 30
data[4] = 40
data[5] = 50
data[6] = 60
data[7] = 70
data[8] = 80
size = 9
capacity = 12
data[0x7fb640405a60]

Time is 01:26:20
Stack[0x7fb640405a60] "myStack" from stack_funcs_hash.cpp(75) in function - StackDump.
myStack->size = 9
now_size = 9
data[0] = 0
data[1] = 10
data[2] = 20
data[3] = 30
data[4] = 40
data[5] = 50
data[6] = 60
data[7] = 70
data[8] = 80
size = 9
capacity = 12
data[0x7fb640405a60]
я в пуше

Time is 01:26:20
Stack[0x7fb640405a60] "myStack" from stack_funcs_hash.cpp(75) in function - StackDump.
myStack->size = 10
now_size = 10
data[0] = 0
data[1] = 10
data[2] = 20
data[3] = 30
data[4] = 40
data[5] = 50
data[6] = 60
data[7] = 70
data[8] = 80
data[9] = 90
size = 10
capacity = 12
data[0x7fb640405a60]

Time is 01:26:20
Stack[0x7fb640405a60] "myStack" from stack_funcs_hash.cpp(75) in function - StackDump.
myStack->size = 10
now_size = 10
data[0] = 0
data[1] = 10
data[2] = 20
data[3] = 30
data[4] = 40
data[5] = 50
data[6] = 60
data[7] = 70
data[8] = 80
data[9] = 90
size = 10
capacity = 12
data[0x7fb640405a60]
я в пуше

Time is 01:26:20
Stack[0x7fb640405a60] "myStack" from stack_funcs_hash.cpp(75) in function - StackDump.
myStack->size = 11
now_size = 11
data[0] = 0
data[1] = 10
data[2] = 20
data[3] = 30
data[4] = 40
data[5] = 50
data[6] = 60
data[7] = 70
data[8] = 80
data[9] = 90
data[10] = 100
size = 11
capacity = 12
data[0x7fb640405a60]

Time is 01:26:20
Stack[0x7fb640405a60] "myStack" from stack_funcs_hash.cpp(75) in function - StackDump.
myStack->size = 11
now_size = 11
data[0] = 0
data[1] = 10
data[2] = 20
data[3] = 30
data[4] = 40
data[5] = 50
data[6] = 60
data[7] = 70
data[8] = 80
data[9] = 90
data[10] = 100
size = 11
capacity = 12
data[0x7fb640405a60]
я в пуше

Time is 01:26:20
Stack[0x7fb640405a60] "myStack" from stack_funcs_hash.cpp(75) in function - StackDump.
myStack->size = 12
now_size = 12
data[0] = 0
data[1] = 10
data[2] = 20
data[3] = 30
data[4] = 40
data[5] = 50
data[6] = 60
data[7] = 70
data[8] = 80
data[9] = 90
data[10] = 100
data[11] = 110
size = 12
capacity = 12
data[0x7fb640405a60]

Time is 01:26:20
Stack[0x7fb640405a60] "myStack" from stack_funcs_hash.cpp(75) in function - StackDump.
myStack->size = 12
now_size = 12
data[0] = 0
data[1] = 10
data[2] = 20
data[3] = 30
data[4] = 40
data[5] = 50
data[6] = 60
data[7] = 70
data[8] = 80
data[9] = 90
data[10] = 100
data[11] = 110
size = 12
capacity = 12
data[0x7fb640405a60]
я - StackRellocUp1

Time is 01:26:20
Stack[0x7fb640405a60] "myStack" from stack_funcs_hash.cpp(75) in function - StackDump.
myStack->size = 12
now_size = 12
data[0] = 0
data[1] = 10
data[2] = 20
data[3] = 30
data[4] = 40
data[5] = 50
data[6] = 60
data[7] = 70
data[8] = 80
data[9] = 90
data[10] = 100
data[11] = 110
size = 12
capacity = 12
data[0x7fb640405a60]
я - StackRellocUp
capacity!!!перед изменением = 12
capacity!!!после изменений = 24
я в пуше

Time is 01:26:20
Stack[0x7fb640405a60] "myStack" from stack_funcs_hash.cpp(75) in function - StackDump.
myStack->size = 13
now_size = 13
data[0] = 0
data[1] = 10
data[2] = 20
data[3] = 30
data[4] = 40
data[5] = 50
data[6] = 60
data[7] = 70
data[8] = 80
data[9] = 90
data[10] = 100
data[11] = 110
data[12] = 120
size = 13
capacity = 24
data[0x7fb640405a60]

Time is 01:26:20
Stack[0x7fb640405a60] "myStack" from stack_funcs_hash.cpp(75) in function - StackDump.
myStack->size = 13
now_size = 13
data[0] = 0
data[1] = 10
data[2] = 20
data[3] = 30
data[4] = 40
data[5] = 50
data[6] = 60
data[7] = 70
data[8] = 80
data[9] = 90
data[10] = 100
data[11] = 110
data[12] = 120
size = 13
capacity = 24
data[0x7fb640405a60]
я в пуше

Time is 01:26:20
Stack[0x7fb640405a60] "myStack" from stack_funcs_hash.cpp(75) in function - StackDump.
myStack->size = 14
now_size = 14
data[0] = 0
data[1] = 10
data[2] = 20
data[3] = 30
data[4] = 40
data[5] = 50
data[6] = 60
data[7] = 70
data[8] = 80
data[9] = 90
data[10] = 100
data[11] = 110
data[12] = 120
data[13] = 130
size = 14
capacity = 24
data[0x7fb640405a60]

Time is 01:26:20
Stack[0x7fb640405a60] "myStack" from stack_funcs_hash.cpp(75) in function - StackDump.
myStack->size = 14
now_size = 14
data[0] = 0
data[1] = 10
data[2] = 20
data[3] = 30
data[4] = 40
data[5] = 50
data[6] = 60
data[7] = 70
data[8] = 80
data[9] = 90
data[10] = 100
data[11] = 110
data[12] = 120
data[13] = 130
size = 14
capacity = 24
data[0x7fb640405a60]
я в пуше

Time is 01:26:20
Stack[0x7fb640405a60] "myStack" from stack_funcs_hash.cpp(75) in function - StackDump.
myStack->size = 15
now_size = 15
data[0] = 0
data[1] = 10
data[2] = 20
data[3] = 30
data[4] = 40
data[5] = 50
data[6] = 60
data[7] = 70
data[8] = 80
data[9] = 90
data[10] = 100
data[11] = 110
data[12] = 120
data[13] = 130
data[14] = 140
size = 15
capacity = 24
data[0x7fb640405a60]

Time is 01:26:20
Stack[0x7fb640405a60] "myStack" from stack_funcs_hash.cpp(75) in function - StackDump.
myStack->size = 15
now_size = 15
data[0] = 0
data[1] = 10
data[2] = 20
data[3] = 30
data[4] = 40
data[5] = 50
data[6] = 60
data[7] = 70
data[8] = 80
data[9] = 90
data[10] = 100
data[11] = 110
data[12] = 120
data[13] = 130
data[14] = 140
size = 15
capacity = 24
data[0x7fb640405a60]
я в пуше

Time is 01:26:20
Stack[0x7fb640405a60] "myStack" from stack_funcs_hash.cpp(75) in function - StackDump.
myStack->size = 16
now_size = 16
data[0] = 0
data[1] = 10
data[2] = 20
data[3] = 30
data[4] = 40
data[5] = 50
data[6] = 60
data[7] = 70
data[8] = 80
data[9] = 90
data[10] = 100
data[11] = 110
data[12] = 120
data[13] = 130
data[14] = 140
data[15] = 150
size = 16
capacity = 24
data[0x7fb640405a60]

Time is 01:26:20
Stack[0x7fb640405a60] "myStack" from stack_funcs_hash.cpp(75) in function - StackDump.
myStack->size = 16
now_size = 16
data[0] = 0
data[1] = 10
data[2] = 20
data[3] = 30
data[4] = 40
data[5] = 50
data[6] = 60
data[7] = 70
data[8] = 80
data[9] = 90
data[10] = 100
data[11] = 110
data[12] = 120
data[13] = 130
data[14] = 140
data[15] = 150
size = 16
capacity = 24
data[0x7fb640405a60]
я в пуше

Time is 01:26:20
Stack[0x7fb640405a60] "myStack" from stack_funcs_hash.cpp(75) in function - StackDump.
myStack->size = 17
now_size = 17
data[0] = 0
data[1] = 10
data[2] = 20
data[3] = 30
data[4] = 40
data[5] = 50
data[6] = 60
data[7] = 70
data[8] = 80
data[9] = 90
data[10] = 100
data[11] = 110
data[12] = 120
data[13] = 130
data[14] = 140
data[15] = 150
data[16] = 160
size = 17
capacity = 24
data[0x7fb640405a60]

Time is 01:26:20
Stack[0x7fb640405a60] "myStack" from stack_funcs_hash.cpp(75) in function - StackDump.
myStack->size = 17
now_size = 17
data[0] = 0
data[1] = 10
data[2] = 20
data[3] = 30
data[4] = 40
data[5] = 50
data[6] = 60
data[7] = 70
data[8] = 80
data[9] = 90
data[10] = 100
data[11] = 110
data[12] = 120
data[13] = 130
data[14] = 140
data[15] = 150
data[16] = 160
size = 17
capacity = 24
data[0x7fb640405a60]
я в пуше

Time is 01:26:20
Stack[0x7fb640405a60] "myStack" from stack_funcs_hash.cpp(75) in function - StackDump.
myStack->size = 18
now_size = 18
data[0] = 0
data[1] = 10
data[2] = 20
data[3] = 30
data[4] = 40
data[5] = 50
data[6] = 60
data[7] = 70
data[8] = 80
data[9] = 90
data[10] = 100
data[11] = 110
data[12] = 120
data[13] = 130
data[14] = 140
data[15] = 150
data[16] = 160
data[17] = 170
size = 18
capacity = 24
data[0x7fb640405a60]

Time is 01:26:20
Stack[0x7fb640405a60] "myStack" from stack_funcs_hash.cpp(75) in function - StackDump.
myStack->size = 18
now_size = 18
data[0] = 0
data[1] = 10
data[2] = 20
data[3] = 30
data[4] = 40
data[5] = 50
data[6] = 60
data[7] = 70
data[8] = 80
data[9] = 90
data[10] = 100
data[11] = 110
data[12] = 120
data[13] = 130
data[14] = 140
data[15] = 150
data[16] = 160
data[17] = 170
size = 18
capacity = 24
data[0x7fb640405a60]
я в пуше

Time is 01:26:20
Stack[0x7fb640405a60] "myStack" from stack_funcs_hash.cpp(75) in function - StackDump.
myStack->size = 19
now_size = 19
data[0] = 0
data[1] = 10
data[2] = 20
data[3] = 30
data[4] = 40
data[5] = 50
data[6] = 60
data[7] = 70
data[8] = 80
data[9] = 90
data[10] = 100
data[11] = 110
data[12] = 120
data[13] = 130
data[14] = 140
data[15] = 150
data[16] = 160
data[17] = 170
data[18] = 180
size = 19
capacity = 24
data[0x7fb640405a60]

Time is 01:26:20
Stack[0x7fb640405a60] "myStack" from stack_funcs_hash.cpp(75) in function - StackDump.
myStack->size = 19
now_size = 19
data[0] = 0
data[1] = 10
data[2] = 20
data[3] = 30
data[4] = 40
data[5] = 50
data[6] = 60
data[7] = 70
data[8] = 80
data[9] = 90
data[10] = 100
data[11] = 110
data[12] = 120
data[13] = 130
data[14] = 140
data[15] = 150
data[16] = 160
data[17] = 170
data[18] = 180
size = 19
capacity = 24
data[0x7fb640405a60]
я в пуше

Time is 01:26:20
Stack[0x7fb640405a60] "myStack" from stack_funcs_hash.cpp(75) in function - StackDump.
myStack->size = 20
now_size = 20
data[0] = 0
data[1] = 10
data[2] = 20
data[3] = 30
data[4] = 40
data[5] = 50
data[6] = 60
data[7] = 70
data[8] = 80
data[9] = 90
data[10] = 100
data[11] = 110
data[12] = 120
data[13] = 130
data[14] = 140
data[15] = 150
data[16] = 160
data[17] = 170
data[18] = 180
data[19] = 190
size = 20
capacity = 24
data[0x7fb640405a60]

Time is 01:26:20
Stack[0x7fb640405a60] "myStack" from stack_funcs_hash.cpp(75) in function - StackDump.
myStack->size = 20
now_size = 20
data[0] = 0
data[1] = 10
data[2] = 20
data[3] = 30
data[4] = 40
data[5] = 50
data[6] = 60
data[7] = 70
data[8] = 80
data[9] = 90
data[10] = 100
data[11] = 110
data[12] = 120
data[13] = 130
data[14] = 140
data[15] = 150
data[16] = 160
data[17] = 170
data[18] = 180
data[19] = 190
size = 20
capacity = 24
data[0x7fb640405a60]
я в пуше

Time is 01:26:20
Stack[0x7fb640405a60] "myStack" from stack_funcs_hash.cpp(75) in function - StackDump.
myStack->size = 21
now_size = 21
data[0] = 0
data[1] = 10
data[2] = 20
data[3] = 30
data[4] = 40
data[5] = 50
data[6] = 60
data[7] = 70
data[8] = 80
data[9] = 90
data[10] = 100
data[11] = 110
data[12] = 120
data[13] = 130
data[14] = 140
data[15] = 150
data[16] = 160
data[17] = 170
data[18] = 180
data[19] = 190
data[20] = 200
size = 21
capacity = 24
data[0x7fb640405a60]

Time is 01:26:20
Stack[0x7fb640405a60] "myStack" from stack_funcs_hash.cpp(75) in function - StackDump.
myStack->size = 21
now_size = 21
data[0] = 0
data[1] = 10
data[2] = 20
data[3] = 30
data[4] = 40
data[5] = 50
data[6] = 60
data[7] = 70
data[8] = 80
data[9] = 90
data[10] = 100
data[11] = 110
data[12] = 120
data[13] = 130
data[14] = 140
data[15] = 150
data[16] = 160
data[17] = 170
data[18] = 180
data[19] = 190
data[20] = 200
size = 21
capacity = 24
data[0x7fb640405a60]
200

Time is 01:26:20
Stack[0x7fb640405a60] "myStack" from stack_funcs_hash.cpp(75) in function - StackDump.
myStack->size = 20
now_size = 20
data[0] = 0
data[1] = 10
data[2] = 20
data[3] = 30
data[4] = 40
data[5] = 50
data[6] = 60
data[7] = 70
data[8] = 80
data[9] = 90
data[10] = 100
data[11] = 110
data[12] = 120
data[13] = 130
data[14] = 140
data[15] = 150
data[16] = 160
data[17] = 170
data[18] = 180
data[19] = 190
size = 20
capacity = 24
data[0x7fb640405a60]
190

Time is 01:26:20
Stack[0x7fb640405a60] "myStack" from stack_funcs_hash.cpp(75) in function - StackDump.
myStack->size = 19
now_size = 19
data[0] = 0
data[1] = 10
data[2] = 20
data[3] = 30
data[4] = 40
data[5] = 50
data[6] = 60
data[7] = 70
data[8] = 80
data[9] = 90
data[10] = 100
data[11] = 110
data[12] = 120
data[13] = 130
data[14] = 140
data[15] = 150
data[16] = 160
data[17] = 170
data[18] = 180
size = 19
capacity = 24
data[0x7fb640405a60]
180

Time is 01:26:20
Stack[0x7fb640405a60] "myStack" from stack_funcs_hash.cpp(75) in function - StackDump.
myStack->size = 18
now_size = 18
data[0] = 0
data[1] = 10
data[2] = 20
data[3] = 30
data[4] = 40
data[5] = 50
data[6] = 60
data[7] = 70
data[8] = 80
data[9] = 90
data[10] = 100
data[11] = 110
data[12] = 120
data[13] = 130
data[14] = 140
data[15] = 150
data[16] = 160
data[17] = 170
size = 18
capacity = 24
data[0x7fb640405a60]
170

Time is 01:26:20
Stack[0x7fb640405a60] "myStack" from stack_funcs_hash.cpp(75) in function - StackDump.
myStack->size = 17
now_size = 17
data[0] = 0
data[1] = 10
data[2] = 20
data[3] = 30
data[4] = 40
data[5] = 50
data[6] = 60
data[7] = 70
data[8] = 80
data[9] = 90
data[10] = 100
data[11] = 110
data[12] = 120
data[13] = 130
data[14] = 140
data[15] = 150
data[16] = 160
size = 17
capacity = 24
data[0x7fb640405a60]
160

Time is 01:26:20
Stack[0x7fb640405a60] "myStack" from stack_funcs_hash.cpp(75) in function - StackDump.
myStack->size = 16
now_size = 16
data[0] = 0
data[1] = 10
data[2] = 20
data[3] = 30
data[4] = 40
data[5] = 50
data[6] = 60
data[7] = 70
data[8] = 80
data[9] = 90
data[10] = 100
data[11] = 110
data[12] = 120
data[13] = 130
data[14] = 140
data[15] = 150
size = 16
capacity = 24
data[0x7fb640405a60]
150

Time is 01:26:20
Stack[0x7fb640405a60] "myStack" from stack_funcs_hash.cpp(75) in function - StackDump.
myStack->size = 15
now_size = 15
data[0] = 0
data[1] = 10
data[2] = 20
data[3] = 30
data[4] = 40
data[5] = 50
data[6] = 60
data[7] = 70
data[8] = 80
data[9] = 90
data[10] = 100
data[11] = 110
data[12] = 120
data[13] = 130
data[14] = 140
size = 15
capacity = 24
data[0x7fb640405a60]
140

Time is 01:26:20
Stack[0x7fb640405a60] "myStack" from stack_funcs_hash.cpp(75) in function - StackDump.
myStack->size = 14
now_size = 14
data[0] = 0
data[1] = 10
data[2] = 20
data[3] = 30
data[4] = 40
data[5] = 50
data[6] = 60
data[7] = 70
data[8] = 80
data[9] = 90
data[10] = 100
data[11] = 110
data[12] = 120
data[13] = 130
size = 14
capacity = 24
data[0x7fb640405a60]
130

Time is 01:26:20
Stack[0x7fb640405a60] "myStack" from stack_funcs_hash.cpp(75) in function - StackDump.
myStack->size = 13
now_size = 13
data[0] = 0
data[1] = 10
data[2] = 20
data[3] = 30
data[4] = 40
data[5] = 50
data[6] = 60
data[7] = 70
data[8] = 80
data[9] = 90
data[10] = 100
data[11] = 110
data[12] = 120
size = 13
capacity = 24
data[0x7fb640405a60]
120

Time is 01:26:20
Stack[0x7fb640405a60] "myStack" from stack_funcs_hash.cpp(75) in function - StackDump.
myStack->size = 12
now_size = 12
data[0] = 0
data[1] = 10
data[2] = 20
data[3] = 30
data[4] = 40
data[5] = 50
data[6] = 60
data[7] = 70
data[8] = 80
data[9] = 90
data[10] = 100
data[11] = 110
size = 12
capacity = 24
data[0x7fb640405a60]
110

Time is 01:26:20
Stack[0x7fb640405a60] "myStack" from stack_funcs_hash.cpp(75) in function - StackDump.
myStack->size = 11
now_size = 11
data[0] = 0
data[1] = 10
data[2] = 20
data[3] = 30
data[4] = 40
data[5] = 50
data[6] = 60
data[7] = 70
data[8] = 80
data[9] = 90
data[10] = 100
size = 11
capacity = 24
data[0x7fb640405a60]
100

Time is 01:26:20
Stack[0x7fb640405a60] "myStack" from stack_funcs_hash.cpp(75) in function - StackDump.
myStack->size = 10
now_size = 10
data[0] = 0
data[1] = 10
data[2] = 20
data[3] = 30
data[4] = 40
data[5] = 50
data[6] = 60
data[7] = 70
data[8] = 80
data[9] = 90
size = 10
capacity = 24
data[0x7fb640405a60]
90

Time is 01:26:20
Stack[0x7fb640405a60] "myStack" from stack_funcs_hash.cpp(75) in function - StackDump.
myStack->size = 9
now_size = 9
data[0] = 0
data[1] = 10
data[2] = 20
data[3] = 30
data[4] = 40
data[5] = 50
data[6] = 60
data[7] = 70
data[8] = 80
size = 9
capacity = 24
data[0x7fb640405a60]
80

Time is 01:26:20
Stack[0x7fb640405a60] "myStack" from stack_funcs_hash.cpp(75) in function - StackDump.
myStack->size = 8
now_size = 8
data[0] = 0
data[1] = 10
data[2] = 20
data[3] = 30
data[4] = 40
data[5] = 50
data[6] = 60
data[7] = 70
size = 8
capacity = 24
data[0x7fb640405a60]
70

Time is 01:26:20
Stack[0x7fb640405a60] "myStack" from stack_funcs_hash.cpp(75) in function - StackDump.
myStack->size = 7
now_size = 7
data[0] = 0
data[1] = 10
data[2] = 20
data[3] = 30
data[4] = 40
data[5] = 50
data[6] = 60
size = 7
capacity = 24
data[0x7fb640405a60]
60

Time is 01:26:20
Stack[0x7fb640405a60] "myStack" from stack_funcs_hash.cpp(75) in function - StackDump.
myStack->size = 6
now_size = 6
data[0] = 0
data[1] = 10
data[2] = 20
data[3] = 30
data[4] = 40
data[5] = 50
size = 6
capacity = 24
data[0x7fb640405a60]
50

Time is 01:26:20
Stack[0x7fb640405a60] "myStack" from stack_funcs_hash.cpp(75) in function - StackDump.
myStack->size = 5
now_size = 5
data[0] = 0
data[1] = 10
data[2] = 20
data[3] = 30
data[4] = 40
size = 5
capacity = 24
data[0x7fb640405a60]
40

Time is 01:26:20
Stack[0x7fb640405a60] "myStack" from stack_funcs_hash.cpp(75) in function - StackDump.
myStack->size = 4
now_size = 4
data[0] = 0
data[1] = 10
data[2] = 20
data[3] = 30
size = 4
capacity = 24
data[0x7fb640405a60]
30

Time is 01:26:20
Stack[0x7fb640405a60] "myStack" from stack_funcs_hash.cpp(75) in function - StackDump.
myStack->size = 3
now_size = 3
data[0] = 0
data[1] = 10
data[2] = 20
size = 3
capacity = 24
data[0x7fb640405a60]
20

Time is 01:26:20
Stack[0x7fb640405a60] "myStack" from stack_funcs_hash.cpp(75) in function - StackDump.
myStack->size = 2
now_size = 2
data[0] = 0
data[1] = 10
size = 2
capacity = 24
data[0x7fb640405a60]
10

Time is 01:26:20
Stack[0x7fb640405a60] "myStack" from stack_funcs_hash.cpp(75) in function - StackDump.
myStack->size = 1
now_size = 1
data[0] = 0
size = 1
capacity = 24
data[0x7fb640405a60]
0
ЗАКРЫТ ФАЙЛ
\----------------------------------------------------\
\----------------------------------------------------\
ОТКРЫТ ФАЙЛ
я в сторе

Time is 01:28:58
Stack[0x7fb97cd05a00] "myStack" from stack_funcs_hash.cpp(75) in function - StackDump.
myStack->size = 0
now_size = 0
size = 0
capacity = 100
data[0x7fb97cd05a00]
CalculateHash = 936
myStack->hash = 936

Time is 01:28:58
Stack[0x7fb97cd05a00] "myStack" from stack_funcs_hash.cpp(75) in function - StackDump.
myStack->size = 0
now_size = 0
size = 0
capacity = 100
data[0x7fb97cd05a00]
я - StackRellocUp1

Time is 01:28:58
Stack[0x7fb97cd05a00] "myStack" from stack_funcs_hash.cpp(75) in function - StackDump.
myStack->size = 0
now_size = 0
size = 0
capacity = 100
data[0x7fb97cd05a00]
я - StackRellocUp
capacity!!!перед изменением = 100
capacity!!!после изменений = 50
я в пуше

Time is 01:28:58
Stack[0x7fb97cd05a00] "myStack" from stack_funcs_hash.cpp(75) in function - StackDump.
myStack->size = 1
now_size = 1
data[0] = 0
size = 1
capacity = 50
data[0x7fb97cd05a00]

Time is 01:28:58
Stack[0x7fb97cd05a00] "myStack" from stack_funcs_hash.cpp(75) in function - StackDump.
myStack->size = 1
now_size = 1
data[0] = 0
size = 1
capacity = 50
data[0x7fb97cd05a00]
я - StackRellocUp1

Time is 01:28:58
Stack[0x7fb97cd05a00] "myStack" from stack_funcs_hash.cpp(75) in function - StackDump.
myStack->size = 1
now_size = 1
data[0] = 0
size = 1
capacity = 50
data[0x7fb97cd05a00]
я - StackRellocUp
capacity!!!перед изменением = 50
capacity!!!после изменений = 25
я в пуше

Time is 01:28:58
Stack[0x7fb97cd05a00] "myStack" from stack_funcs_hash.cpp(75) in function - StackDump.
myStack->size = 2
now_size = 2
data[0] = 0
data[1] = 10
size = 2
capacity = 25
data[0x7fb97cd05a00]

Time is 01:28:58
Stack[0x7fb97cd05a00] "myStack" from stack_funcs_hash.cpp(75) in function - StackDump.
myStack->size = 2
now_size = 2
data[0] = 0
data[1] = 10
size = 2
capacity = 25
data[0x7fb97cd05a00]
я - StackRellocUp1

Time is 01:28:58
Stack[0x7fb97cd05a00] "myStack" from stack_funcs_hash.cpp(75) in function - StackDump.
myStack->size = 2
now_size = 2
data[0] = 0
data[1] = 10
size = 2
capacity = 25
data[0x7fb97cd05a00]
я - StackRellocUp
capacity!!!перед изменением = 25
capacity!!!после изменений = 12
я в пуше

Time is 01:28:58
Stack[0x7fb97cd05a00] "myStack" from stack_funcs_hash.cpp(75) in function - StackDump.
myStack->size = 3
now_size = 3
data[0] = 0
data[1] = 10
data[2] = 20
size = 3
capacity = 12
data[0x7fb97cd05a00]

Time is 01:28:58
Stack[0x7fb97cd05a00] "myStack" from stack_funcs_hash.cpp(75) in function - StackDump.
myStack->size = 3
now_size = 3
data[0] = 0
data[1] = 10
data[2] = 20
size = 3
capacity = 12
data[0x7fb97cd05a00]
я - StackRellocUp1

Time is 01:28:58
Stack[0x7fb97cd05a00] "myStack" from stack_funcs_hash.cpp(75) in function - StackDump.
myStack->size = 3
now_size = 3
data[0] = 0
data[1] = 10
data[2] = 20
size = 3
capacity = 12
data[0x7fb97cd05a00]
я - StackRellocUp
capacity!!!перед изменением = 12
capacity!!!после изменений = 6
я в пуше

Time is 01:28:58
Stack[0x7fb97cd05a00] "myStack" from stack_funcs_hash.cpp(75) in function - StackDump.
myStack->size = 4
now_size = 4
data[0] = 0
data[1] = 10
data[2] = 20
data[3] = 30
size = 4
capacity = 6
data[0x7fb97cd05a00]

Time is 01:28:58
Stack[0x7fb97cd05a00] "myStack" from stack_funcs_hash.cpp(75) in function - StackDump.
myStack->size = 4
now_size = 4
data[0] = 0
data[1] = 10
data[2] = 20
data[3] = 30
size = 4
capacity = 6
data[0x7fb97cd05a00]
я в пуше

Time is 01:28:58
Stack[0x7fb97cd05a00] "myStack" from stack_funcs_hash.cpp(75) in function - StackDump.
myStack->size = 5
now_size = 5
data[0] = 0
data[1] = 10
data[2] = 20
data[3] = 30
data[4] = 40
size = 5
capacity = 6
data[0x7fb97cd05a00]

Time is 01:28:58
Stack[0x7fb97cd05a00] "myStack" from stack_funcs_hash.cpp(75) in function - StackDump.
myStack->size = 5
now_size = 5
data[0] = 0
data[1] = 10
data[2] = 20
data[3] = 30
data[4] = 40
size = 5
capacity = 6
data[0x7fb97cd05a00]
я в пуше

Time is 01:28:58
Stack[0x7fb97cd05a00] "myStack" from stack_funcs_hash.cpp(75) in function - StackDump.
myStack->size = 6
now_size = 6
data[0] = 0
data[1] = 10
data[2] = 20
data[3] = 30
data[4] = 40
data[5] = 50
size = 6
capacity = 6
data[0x7fb97cd05a00]

Time is 01:28:58
Stack[0x7fb97cd05a00] "myStack" from stack_funcs_hash.cpp(75) in function - StackDump.
myStack->size = 6
now_size = 6
data[0] = 0
data[1] = 10
data[2] = 20
data[3] = 30
data[4] = 40
data[5] = 50
size = 6
capacity = 6
data[0x7fb97cd05a00]
я - StackRellocUp1

Time is 01:28:58
Stack[0x7fb97cd05a00] "myStack" from stack_funcs_hash.cpp(75) in function - StackDump.
myStack->size = 6
now_size = 6
data[0] = 0
data[1] = 10
data[2] = 20
data[3] = 30
data[4] = 40
data[5] = 50
size = 6
capacity = 6
data[0x7fb97cd05a00]
я - StackRellocUp
capacity!!!перед изменением = 6
capacity!!!после изменений = 12
я в пуше

Time is 01:28:58
Stack[0x7fb97cd05a00] "myStack" from stack_funcs_hash.cpp(75) in function - StackDump.
myStack->size = 7
now_size = 7
data[0] = 0
data[1] = 10
data[2] = 20
data[3] = 30
data[4] = 40
data[5] = 50
data[6] = 60
size = 7
capacity = 12
data[0x7fb97cd05a00]

Time is 01:28:58
Stack[0x7fb97cd05a00] "myStack" from stack_funcs_hash.cpp(75) in function - StackDump.
myStack->size = 7
now_size = 7
data[0] = 0
data[1] = 10
data[2] = 20
data[3] = 30
data[4] = 40
data[5] = 50
data[6] = 60
size = 7
capacity = 12
data[0x7fb97cd05a00]
я в пуше

Time is 01:28:58
Stack[0x7fb97cd05a00] "myStack" from stack_funcs_hash.cpp(75) in function - StackDump.
myStack->size = 8
now_size = 8
data[0] = 0
data[1] = 10
data[2] = 20
data[3] = 30
data[4] = 40
data[5] = 50
data[6] = 60
data[7] = 70
size = 8
capacity = 12
data[0x7fb97cd05a00]

Time is 01:28:58
Stack[0x7fb97cd05a00] "myStack" from stack_funcs_hash.cpp(75) in function - StackDump.
myStack->size = 8
now_size = 8
data[0] = 0
data[1] = 10
data[2] = 20
data[3] = 30
data[4] = 40
data[5] = 50
data[6] = 60
data[7] = 70
size = 8
capacity = 12
data[0x7fb97cd05a00]
я в пуше

Time is 01:28:58
Stack[0x7fb97cd05a00] "myStack" from stack_funcs_hash.cpp(75) in function - StackDump.
myStack->size = 9
now_size = 9
data[0] = 0
data[1] = 10
data[2] = 20
data[3] = 30
data[4] = 40
data[5] = 50
data[6] = 60
data[7] = 70
data[8] = 80
size = 9
capacity = 12
data[0x7fb97cd05a00]

Time is 01:28:58
Stack[0x7fb97cd05a00] "myStack" from stack_funcs_hash.cpp(75) in function - StackDump.
myStack->size = 9
now_size = 9
data[0] = 0
data[1] = 10
data[2] = 20
data[3] = 30
data[4] = 40
data[5] = 50
data[6] = 60
data[7] = 70
data[8] = 80
size = 9
capacity = 12
data[0x7fb97cd05a00]
я в пуше

Time is 01:28:58
Stack[0x7fb97cd05a00] "myStack" from stack_funcs_hash.cpp(75) in function - StackDump.
myStack->size = 10
now_size = 10
data[0] = 0
data[1] = 10
data[2] = 20
data[3] = 30
data[4] = 40
data[5] = 50
data[6] = 60
data[7] = 70
data[8] = 80
data[9] = 90
size = 10
capacity = 12
data[0x7fb97cd05a00]

Time is 01:28:58
Stack[0x7fb97cd05a00] "myStack" from stack_funcs_hash.cpp(75) in function - StackDump.
myStack->size = 10
now_size = 10
data[0] = 0
data[1] = 10
data[2] = 20
data[3] = 30
data[4] = 40
data[5] = 50
data[6] = 60
data[7] = 70
data[8] = 80
data[9] = 90
size = 10
capacity = 12
data[0x7fb97cd05a00]
я в пуше

Time is 01:28:58
Stack[0x7fb97cd05a00] "myStack" from stack_funcs_hash.cpp(75) in function - StackDump.
myStack->size = 11
now_size = 11
data[0] = 0
data[1] = 10
data[2] = 20
data[3] = 30
data[4] = 40
data[5] = 50
data[6] = 60
data[7] = 70
data[8] = 80
data[9] = 90
data[10] = 100
size = 11
capacity = 12
data[0x7fb97cd05a00]

Time is 01:28:58
Stack[0x7fb97cd05a00] "myStack" from stack_funcs_hash.cpp(75) in function - StackDump.
myStack->size = 11
now_size = 11
data[0] = 0
data[1] = 10
data[2] = 20
data[3] = 30
data[4] = 40
data[5] = 50
data[6] = 60
data[7] = 70
data[8] = 80
data[9] = 90
data[10] = 100
size = 11
capacity = 12
data[0x7fb97cd05a00]
я в пуше

Time is 01:28:58
Stack[0x7fb97cd05a00] "myStack" from stack_funcs_hash.cpp(75) in function - StackDump.
myStack->size = 12
now_size = 12
data[0] = 0
data[1] = 10
data[2] = 20
data[3] = 30
data[4] = 40
data[5] = 50
data[6] = 60
data[7] = 70
data[8] = 80
data[9] = 90
data[10] = 100
data[11] = 110
size = 12
capacity = 12
data[0x7fb97cd05a00]

Time is 01:28:58
Stack[0x7fb97cd05a00] "myStack" from stack_funcs_hash.cpp(75) in function - StackDump.
myStack->size = 12
now_size = 12
data[0] = 0
data[1] = 10
data[2] = 20
data[3] = 30
data[4] = 40
data[5] = 50
data[6] = 60
data[7] = 70
data[8] = 80
data[9] = 90
data[10] = 100
data[11] = 110
size = 12
capacity = 12
data[0x7fb97cd05a00]
я - StackRellocUp1

Time is 01:28:58
Stack[0x7fb97cd05a00] "myStack" from stack_funcs_hash.cpp(75) in function - StackDump.
myStack->size = 12
now_size = 12
data[0] = 0
data[1] = 10
data[2] = 20
data[3] = 30
data[4] = 40
data[5] = 50
data[6] = 60
data[7] = 70
data[8] = 80
data[9] = 90
data[10] = 100
data[11] = 110
size = 12
capacity = 12
data[0x7fb97cd05a00]
я - StackRellocUp
capacity!!!перед изменением = 12
capacity!!!после изменений = 24
я в пуше

Time is 01:28:58
Stack[0x7fb97cd05a00] "myStack" from stack_funcs_hash.cpp(75) in function - StackDump.
myStack->size = 13
now_size = 13
data[0] = 0
data[1] = 10
data[2] = 20
data[3] = 30
data[4] = 40
data[5] = 50
data[6] = 60
data[7] = 70
data[8] = 80
data[9] = 90
data[10] = 100
data[11] = 110
data[12] = 120
size = 13
capacity = 24
data[0x7fb97cd05a00]

Time is 01:28:58
Stack[0x7fb97cd05a00] "myStack" from stack_funcs_hash.cpp(75) in function - StackDump.
myStack->size = 13
now_size = 13
data[0] = 0
data[1] = 10
data[2] = 20
data[3] = 30
data[4] = 40
data[5] = 50
data[6] = 60
data[7] = 70
data[8] = 80
data[9] = 90
data[10] = 100
data[11] = 110
data[12] = 120
size = 13
capacity = 24
data[0x7fb97cd05a00]
я в пуше

Time is 01:28:58
Stack[0x7fb97cd05a00] "myStack" from stack_funcs_hash.cpp(75) in function - StackDump.
myStack->size = 14
now_size = 14
data[0] = 0
data[1] = 10
data[2] = 20
data[3] = 30
data[4] = 40
data[5] = 50
data[6] = 60
data[7] = 70
data[8] = 80
data[9] = 90
data[10] = 100
data[11] = 110
data[12] = 120
data[13] = 130
size = 14
capacity = 24
data[0x7fb97cd05a00]

Time is 01:28:58
Stack[0x7fb97cd05a00] "myStack" from stack_funcs_hash.cpp(75) in function - StackDump.
myStack->size = 14
now_size = 14
data[0] = 0
data[1] = 10
data[2] = 20
data[3] = 30
data[4] = 40
data[5] = 50
data[6] = 60
data[7] = 70
data[8] = 80
data[9] = 90
data[10] = 100
data[11] = 110
data[12] = 120
data[13] = 130
size = 14
capacity = 24
data[0x7fb97cd05a00]
я в пуше

Time is 01:28:58
Stack[0x7fb97cd05a00] "myStack" from stack_funcs_hash.cpp(75) in function - StackDump.
myStack->size = 15
now_size = 15
data[0] = 0
data[1] = 10
data[2] = 20
data[3] = 30
data[4] = 40
data[5] = 50
data[6] = 60
data[7] = 70
data[8] = 80
data[9] = 90
data[10] = 100
data[11] = 110
data[12] = 120
data[13] = 130
data[14] = 140
size = 15
capacity = 24
data[0x7fb97cd05a00]

Time is 01:28:58
Stack[0x7fb97cd05a00] "myStack" from stack_funcs_hash.cpp(75) in function - StackDump.
myStack->size = 15
now_size = 15
data[0] = 0
data[1] = 10
data[2] = 20
data[3] = 30
data[4] = 40
data[5] = 50
data[6] = 60
data[7] = 70
data[8] = 80
data[9] = 90
data[10] = 100
data[11] = 110
data[12] = 120
data[13] = 130
data[14] = 140
size = 15
capacity = 24
data[0x7fb97cd05a00]
я в пуше

Time is 01:28:58
Stack[0x7fb97cd05a00] "myStack" from stack_funcs_hash.cpp(75) in function - StackDump.
myStack->size = 16
now_size = 16
data[0] = 0
data[1] = 10
data[2] = 20
data[3] = 30
data[4] = 40
data[5] = 50
data[6] = 60
data[7] = 70
data[8] = 80
data[9] = 90
data[10] = 100
data[11] = 110
data[12] = 120
data[13] = 130
data[14] = 140
data[15] = 150
size = 16
capacity = 24
data[0x7fb97cd05a00]

Time is 01:28:58
Stack[0x7fb97cd05a00] "myStack" from stack_funcs_hash.cpp(75) in function - StackDump.
myStack->size = 16
now_size = 16
data[0] = 0
data[1] = 10
data[2] = 20
data[3] = 30
data[4] = 40
data[5] = 50
data[6] = 60
data[7] = 70
data[8] = 80
data[9] = 90
data[10] = 100
data[11] = 110
data[12] = 120
data[13] = 130
data[14] = 140
data[15] = 150
size = 16
capacity = 24
data[0x7fb97cd05a00]
я в пуше

Time is 01:28:58
Stack[0x7fb97cd05a00] "myStack" from stack_funcs_hash.cpp(75) in function - StackDump.
myStack->size = 17
now_size = 17
data[0] = 0
data[1] = 10
data[2] = 20
data[3] = 30
data[4] = 40
data[5] = 50
data[6] = 60
data[7] = 70
data[8] = 80
data[9] = 90
data[10] = 100
data[11] = 110
data[12] = 120
data[13] = 130
data[14] = 140
data[15] = 150
data[16] = 160
size = 17
capacity = 24
data[0x7fb97cd05a00]

Time is 01:28:58
Stack[0x7fb97cd05a00] "myStack" from stack_funcs_hash.cpp(75) in function - StackDump.
myStack->size = 17
now_size = 17
data[0] = 0
data[1] = 10
data[2] = 20
data[3] = 30
data[4] = 40
data[5] = 50
data[6] = 60
data[7] = 70
data[8] = 80
data[9] = 90
data[10] = 100
data[11] = 110
data[12] = 120
data[13] = 130
data[14] = 140
data[15] = 150
data[16] = 160
size = 17
capacity = 24
data[0x7fb97cd05a00]
я в пуше

Time is 01:28:58
Stack[0x7fb97cd05a00] "myStack" from stack_funcs_hash.cpp(75) in function - StackDump.
myStack->size = 18
now_size = 18
data[0] = 0
data[1] = 10
data[2] = 20
data[3] = 30
data[4] = 40
data[5] = 50
data[6] = 60
data[7] = 70
data[8] = 80
data[9] = 90
data[10] = 100
data[11] = 110
data[12] = 120
data[13] = 130
data[14] = 140
data[15] = 150
data[16] = 160
data[17] = 170
size = 18
capacity = 24
data[0x7fb97cd05a00]

Time is 01:28:58
Stack[0x7fb97cd05a00] "myStack" from stack_funcs_hash.cpp(75) in function - StackDump.
myStack->size = 18
now_size = 18
data[0] = 0
data[1] = 10
data[2] = 20
data[3] = 30
data[4] = 40
data[5] = 50
data[6] = 60
data[7] = 70
data[8] = 80
data[9] = 90
data[10] = 100
data[11] = 110
data[12] = 120
data[13] = 130
data[14] = 140
data[15] = 150
data[16] = 160
data[17] = 170
size = 18
capacity = 24
data[0x7fb97cd05a00]
я в пуше

Time is 01:28:58
Stack[0x7fb97cd05a00] "myStack" from stack_funcs_hash.cpp(75) in function - StackDump.
myStack->size = 19
now_size = 19
data[0] = 0
data[1] = 10
data[2] = 20
data[3] = 30
data[4] = 40
data[5] = 50
data[6] = 60
data[7] = 70
data[8] = 80
data[9] = 90
data[10] = 100
data[11] = 110
data[12] = 120
data[13] = 130
data[14] = 140
data[15] = 150
data[16] = 160
data[17] = 170
data[18] = 180
size = 19
capacity = 24
data[0x7fb97cd05a00]

Time is 01:28:58
Stack[0x7fb97cd05a00] "myStack" from stack_funcs_hash.cpp(75) in function - StackDump.
myStack->size = 19
now_size = 19
data[0] = 0
data[1] = 10
data[2] = 20
data[3] = 30
data[4] = 40
data[5] = 50
data[6] = 60
data[7] = 70
data[8] = 80
data[9] = 90
data[10] = 100
data[11] = 110
data[12] = 120
data[13] = 130
data[14] = 140
data[15] = 150
data[16] = 160
data[17] = 170
data[18] = 180
size = 19
capacity = 24
data[0x7fb97cd05a00]
я в пуше

Time is 01:28:58
Stack[0x7fb97cd05a00] "myStack" from stack_funcs_hash.cpp(75) in function - StackDump.
myStack->size = 20
now_size = 20
data[0] = 0
data[1] = 10
data[2] = 20
data[3] = 30
data[4] = 40
data[5] = 50
data[6] = 60
data[7] = 70
data[8] = 80
data[9] = 90
data[10] = 100
data[11] = 110
data[12] = 120
data[13] = 130
data[14] = 140
data[15] = 150
data[16] = 160
data[17] = 170
data[18] = 180
data[19] = 190
size = 20
capacity = 24
data[0x7fb97cd05a00]

Time is 01:28:58
Stack[0x7fb97cd05a00] "myStack" from stack_funcs_hash.cpp(75) in function - StackDump.
myStack->size = 20
now_size = 20
data[0] = 0
data[1] = 10
data[2] = 20
data[3] = 30
data[4] = 40
data[5] = 50
data[6] = 60
data[7] = 70
data[8] = 80
data[9] = 90
data[10] = 100
data[11] = 110
data[12] = 120
data[13] = 130
data[14] = 140
data[15] = 150
data[16] = 160
data[17] = 170
data[18] = 180
data[19] = 190
size = 20
capacity = 24
data[0x7fb97cd05a00]
я в пуше

Time is 01:28:58
Stack[0x7fb97cd05a00] "myStack" from stack_funcs_hash.cpp(75) in function - StackDump.
myStack->size = 21
now_size = 21
data[0] = 0
data[1] = 10
data[2] = 20
data[3] = 30
data[4] = 40
data[5] = 50
data[6] = 60
data[7] = 70
data[8] = 80
data[9] = 90
data[10] = 100
data[11] = 110
data[12] = 120
data[13] = 130
data[14] = 140
data[15] = 150
data[16] = 160
data[17] = 170
data[18] = 180
data[19] = 190
data[20] = 200
size = 21
capacity = 24
data[0x7fb97cd05a00]

Time is 01:28:58
Stack[0x7fb97cd05a00] "myStack" from stack_funcs_hash.cpp(75) in function - StackDump.
myStack->size = 21
now_size = 21
data[0] = 0
data[1] = 10
data[2] = 20
data[3] = 30
data[4] = 40
data[5] = 50
data[6] = 60
data[7] = 70
data[8] = 80
data[9] = 90
data[10] = 100
data[11] = 110
data[12] = 120
data[13] = 130
data[14] = 140
data[15] = 150
data[16] = 160
data[17] = 170
data[18] = 180
data[19] = 190
data[20] = 200
size = 21
capacity = 24
data[0x7fb97cd05a00]
200

Time is 01:28:58
Stack[0x7fb97cd05a00] "myStack" from stack_funcs_hash.cpp(75) in function - StackDump.
myStack->size = 20
now_size = 20
data[0] = 0
data[1] = 10
data[2] = 20
data[3] = 30
data[4] = 40
data[5] = 50
data[6] = 60
data[7] = 70
data[8] = 80
data[9] = 90
data[10] = 100
data[11] = 110
data[12] = 120
data[13] = 130
data[14] = 140
data[15] = 150
data[16] = 160
data[17] = 170
data[18] = 180
data[19] = 190
size = 20
capacity = 24
data[0x7fb97cd05a00]
190

Time is 01:28:58
Stack[0x7fb97cd05a00] "myStack" from stack_funcs_hash.cpp(75) in function - StackDump.
myStack->size = 19
now_size = 19
data[0] = 0
data[1] = 10
data[2] = 20
data[3] = 30
data[4] = 40
data[5] = 50
data[6] = 60
data[7] = 70
data[8] = 80
data[9] = 90
data[10] = 100
data[11] = 110
data[12] = 120
data[13] = 130
data[14] = 140
data[15] = 150
data[16] = 160
data[17] = 170
data[18] = 180
size = 19
capacity = 24
data[0x7fb97cd05a00]
180

Time is 01:28:58
Stack[0x7fb97cd05a00] "myStack" from stack_funcs_hash.cpp(75) in function - StackDump.
myStack->size = 18
now_size = 18
data[0] = 0
data[1] = 10
data[2] = 20
data[3] = 30
data[4] = 40
data[5] = 50
data[6] = 60
data[7] = 70
data[8] = 80
data[9] = 90
data[10] = 100
data[11] = 110
data[12] = 120
data[13] = 130
data[14] = 140
data[15] = 150
data[16] = 160
data[17] = 170
size = 18
capacity = 24
data[0x7fb97cd05a00]
170

Time is 01:28:58
Stack[0x7fb97cd05a00] "myStack" from stack_funcs_hash.cpp(75) in function - StackDump.
myStack->size = 17
now_size = 17
data[0] = 0
data[1] = 10
data[2] = 20
data[3] = 30
data[4] = 40
data[5] = 50
data[6] = 60
data[7] = 70
data[8] = 80
data[9] = 90
data[10] = 100
data[11] = 110
data[12] = 120
data[13] = 130
data[14] = 140
data[15] = 150
data[16] = 160
size = 17
capacity = 24
data[0x7fb97cd05a00]
160

Time is 01:28:58
Stack[0x7fb97cd05a00] "myStack" from stack_funcs_hash.cpp(75) in function - StackDump.
myStack->size = 16
now_size = 16
data[0] = 0
data[1] = 10
data[2] = 20
data[3] = 30
data[4] = 40
data[5] = 50
data[6] = 60
data[7] = 70
data[8] = 80
data[9] = 90
data[10] = 100
data[11] = 110
data[12] = 120
data[13] = 130
data[14] = 140
data[15] = 150
size = 16
capacity = 24
data[0x7fb97cd05a00]
150

Time is 01:28:58
Stack[0x7fb97cd05a00] "myStack" from stack_funcs_hash.cpp(75) in function - StackDump.
myStack->size = 15
now_size = 15
data[0] = 0
data[1] = 10
data[2] = 20
data[3] = 30
data[4] = 40
data[5] = 50
data[6] = 60
data[7] = 70
data[8] = 80
data[9] = 90
data[10] = 100
data[11] = 110
data[12] = 120
data[13] = 130
data[14] = 140
size = 15
capacity = 24
data[0x7fb97cd05a00]
140

Time is 01:28:58
Stack[0x7fb97cd05a00] "myStack" from stack_funcs_hash.cpp(75) in function - StackDump.
myStack->size = 14
now_size = 14
data[0] = 0
data[1] = 10
data[2] = 20
data[3] = 30
data[4] = 40
data[5] = 50
data[6] = 60
data[7] = 70
data[8] = 80
data[9] = 90
data[10] = 100
data[11] = 110
data[12] = 120
data[13] = 130
size = 14
capacity = 24
data[0x7fb97cd05a00]
130

Time is 01:28:58
Stack[0x7fb97cd05a00] "myStack" from stack_funcs_hash.cpp(75) in function - StackDump.
myStack->size = 13
now_size = 13
data[0] = 0
data[1] = 10
data[2] = 20
data[3] = 30
data[4] = 40
data[5] = 50
data[6] = 60
data[7] = 70
data[8] = 80
data[9] = 90
data[10] = 100
data[11] = 110
data[12] = 120
size = 13
capacity = 24
data[0x7fb97cd05a00]
120

Time is 01:28:58
Stack[0x7fb97cd05a00] "myStack" from stack_funcs_hash.cpp(75) in function - StackDump.
myStack->size = 12
now_size = 12
data[0] = 0
data[1] = 10
data[2] = 20
data[3] = 30
data[4] = 40
data[5] = 50
data[6] = 60
data[7] = 70
data[8] = 80
data[9] = 90
data[10] = 100
data[11] = 110
size = 12
capacity = 24
data[0x7fb97cd05a00]
110

Time is 01:28:58
Stack[0x7fb97cd05a00] "myStack" from stack_funcs_hash.cpp(75) in function - StackDump.
myStack->size = 11
now_size = 11
data[0] = 0
data[1] = 10
data[2] = 20
data[3] = 30
data[4] = 40
data[5] = 50
data[6] = 60
data[7] = 70
data[8] = 80
data[9] = 90
data[10] = 100
size = 11
capacity = 24
data[0x7fb97cd05a00]
100

Time is 01:28:58
Stack[0x7fb97cd05a00] "myStack" from stack_funcs_hash.cpp(75) in function - StackDump.
myStack->size = 10
now_size = 10
data[0] = 0
data[1] = 10
data[2] = 20
data[3] = 30
data[4] = 40
data[5] = 50
data[6] = 60
data[7] = 70
data[8] = 80
data[9] = 90
size = 10
capacity = 24
data[0x7fb97cd05a00]
90

Time is 01:28:58
Stack[0x7fb97cd05a00] "myStack" from stack_funcs_hash.cpp(75) in function - StackDump.
myStack->size = 9
now_size = 9
data[0] = 0
data[1] = 10
data[2] = 20
data[3] = 30
data[4] = 40
data[5] = 50
data[6] = 60
data[7] = 70
data[8] = 80
size = 9
capacity = 24
data[0x7fb97cd05a00]
80

Time is 01:28:58
Stack[0x7fb97cd05a00] "myStack" from stack_funcs_hash.cpp(75) in function - StackDump.
myStack->size = 8
now_size = 8
data[0] = 0
data[1] = 10
data[2] = 20
data[3] = 30
data[4] = 40
data[5] = 50
data[6] = 60
data[7] = 70
size = 8
capacity = 24
data[0x7fb97cd05a00]
70

Time is 01:28:58
Stack[0x7fb97cd05a00] "myStack" from stack_funcs_hash.cpp(75) in function - StackDump.
myStack->size = 7
now_size = 7
data[0] = 0
data[1] = 10
data[2] = 20
data[3] = 30
data[4] = 40
data[5] = 50
data[6] = 60
size = 7
capacity = 24
data[0x7fb97cd05a00]
60

Time is 01:28:58
Stack[0x7fb97cd05a00] "myStack" from stack_funcs_hash.cpp(75) in function - StackDump.
myStack->size = 6
now_size = 6
data[0] = 0
data[1] = 10
data[2] = 20
data[3] = 30
data[4] = 40
data[5] = 50
size = 6
capacity = 24
data[0x7fb97cd05a00]
50

Time is 01:28:58
Stack[0x7fb97cd05a00] "myStack" from stack_funcs_hash.cpp(75) in function - StackDump.
myStack->size = 5
now_size = 5
data[0] = 0
data[1] = 10
data[2] = 20
data[3] = 30
data[4] = 40
size = 5
capacity = 24
data[0x7fb97cd05a00]
40

Time is 01:28:58
Stack[0x7fb97cd05a00] "myStack" from stack_funcs_hash.cpp(75) in function - StackDump.
myStack->size = 4
now_size = 4
data[0] = 0
data[1] = 10
data[2] = 20
data[3] = 30
size = 4
capacity = 24
data[0x7fb97cd05a00]
30

Time is 01:28:58
Stack[0x7fb97cd05a00] "myStack" from stack_funcs_hash.cpp(75) in function - StackDump.
myStack->size = 3
now_size = 3
data[0] = 0
data[1] = 10
data[2] = 20
size = 3
capacity = 24
data[0x7fb97cd05a00]
20

Time is 01:28:58
Stack[0x7fb97cd05a00] "myStack" from stack_funcs_hash.cpp(75) in function - StackDump.
myStack->size = 2
now_size = 2
data[0] = 0
data[1] = 10
size = 2
capacity = 24
data[0x7fb97cd05a00]
10

Time is 01:28:58
Stack[0x7fb97cd05a00] "myStack" from stack_funcs_hash.cpp(75) in function - StackDump.
myStack->size = 1
now_size = 1
data[0] = 0
size = 1
capacity = 24
data[0x7fb97cd05a00]
0
ЗАКРЫТ ФАЙЛ
\----------------------------------------------------\
